<?xml version="1.0" encoding="utf-8"?>
<TestRun id="72dd5838-1e0b-49ed-8bad-ce7b288bf593" name="TD-999@IDEAPC1107 2026-07-10 15:25:14" runUser="5IVNJP\TD-999" xmlns="http://microsoft.com/schemas/VisualStudio/TeamTest/2010">
  <Times creation="2026-07-10T15:25:14.7848786+07:00" queuing="2026-07-10T15:25:14.7848790+07:00" start="2026-07-10T15:25:09.4500176+07:00" finish="2026-07-10T15:25:19.5338698+07:00" />
  <TestSettings name="default" id="4b90c905-2ebf-41f8-888e-f4780ec3c0c7">
    <Deployment runDeploymentRoot="TD-999_IDEAPC1107_2026-07-10_15_25_14" />
  </TestSettings>
  <Results>
    <UnitTestResult executionId="2bfe3fb4-2b1c-491d-b017-9713b6004683" testId="9fc3d796-ebe0-02df-3353-bdfedcb5402f" testName="IdeaCadConnector.Tests.PartLibraryStage2CoreTests.MoveLibraryEntryAsync_ArchivedTargetBlocksMoveWithoutMutating" computerName="IDEAPC1107" duration="00:00:00.0020000" startTime="2026-07-10T15:25:15.2165385+07:00" endTime="2026-07-10T15:25:15.2165385+07:00" testType="13cdc9d9-ddb5-4fa4-a97d-d965ccfc6d4b" outcome="Passed" testListId="8c84fa94-04c1-424b-9868-57a2d4851a1d" relativeResultsDirectory="2bfe3fb4-2b1c-491d-b017-9713b6004683" />
    <UnitTestResult executionId="554106aa-63c5-45b7-bad4-2f6a481240da" testId="88474ff4-e3de-a98a-5ed3-cc06211f2738" testName="IdeaCadConnector.Tests.LibraryViewModelTests.AddToCurrentProject_DoesNotOpenDialogWithoutValidParentCandidates" computerName="IDEAPC1107" duration="00:00:00.0250000" startTime="2026-07-10T15:25:18.5452866+07:00" endTime="2026-07-10T15:25:18.5452866+07:00" testType="13cdc9d9-ddb5-4fa4-a97d-d965ccfc6d4b" outcome="Passed" testListId="8c84fa94-04c1-424b-9868-57a2d4851a1d" relativeResultsDirectory="554106aa-63c5-45b7-bad4-2f6a481240da" />
    <UnitTestResult executionId="e637efd4-16f6-4a79-b4d1-17bd320a2265" testId="34b0887a-cdef-a244-aabc-95dab9152b1d" testName="IdeaCadConnector.Tests.EnvironmentConfigurationTests.Load_WhenNoFileExists_ReturnsDefaultsAndWarning" computerName="IDEAPC1107" duration="00:00:00.0010000" startTime="2026-07-10T15:25:15.5158102+07:00" endTime="2026-07-10T15:25:15.5158102+07:00" testType="13cdc9d9-ddb5-4fa4-a97d-d965ccfc6d4b" outcome="Passed" testListId="8c84fa94-04c1-424b-9868-57a2d4851a1d" relativeResultsDirectory="e637efd4-16f6-4a79-b4d1-17bd320a2265" />
    <UnitTestResult executionId="40dd3734-19b0-46f8-b1d2-44ef7e2e4ffb" testId="b9491be4-9217-f8f3-2d24-fc0c4c02fabc" testName="IdeaCadConnector.Tests.PartLibraryStage1Tests.UpdateRevisionPolicyAsync_PinnedObsoletePart_DoesNotEditEntry" computerName="IDEAPC1107" duration="00:00:00.0140000" startTime="2026-07-10T15:25:15.2706268+07:00" endTime="2026-07-10T15:25:15.2706268+07:00" testType="13cdc9d9-ddb5-4fa4-a97d-d965ccfc6d4b" outcome="Passed" testListId="8c84fa94-04c1-424b-9868-57a2d4851a1d" relativeResultsDirectory="40dd3734-19b0-46f8-b1d2-44ef7e2e4ffb" />
    <UnitTestResult executionId="96c1dcaf-3190-477c-98d3-6f3ea82ade89" testId="cf0a0f57-0c50-5753-aa12-560ad8ec9a9d" testName="IdeaCadConnector.Tests.LibraryViewModelTests.LibraryViewModel_OpenCommands_RouteToExpectedArasTargets" computerName="IDEAPC1107" duration="00:00:00.0200000" startTime="2026-07-10T15:25:15.7242823+07:00" endTime="2026-07-10T15:25:15.7242823+07:00" testType="13cdc9d9-ddb5-4fa4-a97d-d965ccfc6d4b" outcome="Passed" testListId="8c84fa94-04c1-424b-9868-57a2d4851a1d" relativeResultsDirectory="96c1dcaf-3190-477c-98d3-6f3ea82ade89" />
    <UnitTestResult executionId="da438dd8-ab63-4600-9957-b756a10e5642" testId="9467d7af-e515-5228-b03b-2c8ec6f3abff" testName="IdeaCadConnector.Tests.EnvironmentConfigurationTests.Load_WhenRoleOverride_ReviewerUsersMapsTntkc" computerName="IDEAPC1107" duration="00:00:00.0210000" startTime="2026-07-10T15:25:15.4031485+07:00" endTime="2026-07-10T15:25:15.4031485+07:00" testType="13cdc9d9-ddb5-4fa4-a97d-d965ccfc6d4b" outcome="Passed" testListId="8c84fa94-04c1-424b-9868-57a2d4851a1d" relativeResultsDirectory="da438dd8-ab63-4600-9957-b756a10e5642" />
    <UnitTestResult executionId="fd9c4927-b036-4f7b-8d54-7f1ce85f26e4" testId="795c7461-e387-5853-2f9e-fc0eedec5c4c" testName="IdeaCadConnector.Tests.LibraryAuthorizationServiceTests.DefaultRoleMapping_IsConservativeAndMatchesUatUsers(user: &quot;nvtkc&quot;, isManager: False, isContributorOrHigher: True, isReviewerOrHigher: False, canUsePartPicker: True, canMoveEntries: False, canPinRevisions: False)" computerName="IDEAPC1107" duration="00:00:00.0010000" startTime="2026-07-10T15:25:14.7404994+07:00" endTime="2026-07-10T15:25:14.7404994+07:00" testType="13cdc9d9-ddb5-4fa4-a97d-d965ccfc6d4b" outcome="Passed" testListId="8c84fa94-04c1-424b-9868-57a2d4851a1d" relativeResultsDirectory="fd9c4927-b036-4f7b-8d54-7f1ce85f26e4" />
    <UnitTestResult executionId="a72aff60-3dfd-4668-bcc9-e1052784dbfd" testId="3d73d2fc-bd55-4d04-0e89-82b4a2a51ce7" testName="IdeaCadConnector.Tests.PartLibraryStage1Tests.DialogCodeBehind_DoesNotImplementInitializeComponent(subDir: &quot;Dialogs&quot;, className: &quot;PublishLibraryEntryDialog&quot;)" computerName="IDEAPC1107" duration="00:00:00.0010000" startTime="2026-07-10T15:25:15.2910867+07:00" endTime="2026-07-10T15:25:15.2910867+07:00" testType="13cdc9d9-ddb5-4fa4-a97d-d965ccfc6d4b" outcome="Passed" testListId="8c84fa94-04c1-424b-9868-57a2d4851a1d" relativeResultsDirectory="a72aff60-3dfd-4668-bcc9-e1052784dbfd" />
    <UnitTestResult executionId="87e56f95-4a9c-48ec-802d-5b3b2226d462" testId="5418d11e-8ffd-258d-50cd-e07d6a89588d" testName="IdeaCadConnector.Tests.PartLibraryTests.ClassifyNotFoundError_Part_ReturnsPartNotFound" computerName="IDEAPC1107" duration="00:00:00.0010000" startTime="2026-07-10T15:25:15.6755139+07:00" endTime="2026-07-10T15:25:15.6755139+07:00" testType="13cdc9d9-ddb5-4fa4-a97d-d965ccfc6d4b" outcome="Passed" testListId="8c84fa94-04c1-424b-9868-57a2d4851a1d" relativeResultsDirectory="87e56f95-4a9c-48ec-802d-5b3b2226d462" />
    <UnitTestResult executionId="c0e35dc1-2cdc-4d33-a743-c74f2964f738" testId="836b9048-989a-7bf8-8c69-09995d642c1b" testName="IdeaCadConnector.Tests.PartRevisionBrowserViewModelTests.Initialize_CallsSearchPartRevisionsAsync" computerName="IDEAPC1107" duration="00:00:00.0010000" startTime="2026-07-10T15:25:15.6374114+07:00" endTime="2026-07-10T15:25:15.6374114+07:00" testType="13cdc9d9-ddb5-4fa4-a97d-d965ccfc6d4b" outcome="Passed" testListId="8c84fa94-04c1-424b-9868-57a2d4851a1d" relativeResultsDirectory="c0e35dc1-2cdc-4d33-a743-c74f2964f738" />
    <UnitTestResult executionId="8baf1d4f-b01e-4a8b-82bc-26fe04fa12ac" testId="3c44a05b-46ab-fdf3-570c-dae90b013af4" testName="IdeaCadConnector.Tests.PartLibraryStage2Tests.CreateLibraryAsync_DuplicateName_ReturnsError" computerName="IDEAPC1107" duration="00:00:00.0070000" startTime="2026-07-10T15:25:15.3130297+07:00" endTime="2026-07-10T15:25:15.3130297+07:00" testType="13cdc9d9-ddb5-4fa4-a97d-d965ccfc6d4b" outcome="Passed" testListId="8c84fa94-04c1-424b-9868-57a2d4851a1d" relativeResultsDirectory="8baf1d4f-b01e-4a8b-82bc-26fe04fa12ac" />
    <UnitTestResult executionId="d1a99ab1-3c9a-49ce-9bae-a374d828361d" testId="a12572fb-d6ab-a248-c907-82920773cd02" testName="IdeaCadConnector.Tests.PartLibraryStage1Tests.ExistingXaml_RootElementMatchesConvention(className: &quot;PdmProjectsView&quot;)" computerName="IDEAPC1107" duration="00:00:00.0050000" startTime="2026-07-10T15:25:15.2766102+07:00" endTime="2026-07-10T15:25:15.2766102+07:00" testType="13cdc9d9-ddb5-4fa4-a97d-d965ccfc6d4b" outcome="Passed" testListId="8c84fa94-04c1-424b-9868-57a2d4851a1d" relativeResultsDirectory="d1a99ab1-3c9a-49ce-9bae-a374d828361d" />
    <UnitTestResult executionId="3bd721b3-ca29-409d-88a7-44e76109a33c" testId="f797a021-b2b8-5dc8-4848-ee43e95757ef" testName="IdeaCadConnector.Tests.PartLibraryStage2Tests.CheckDuplicateEntryAsync_EmptyLibraryId_Throws" computerName="IDEAPC1107" duration="00:00:00.0010000" startTime="2026-07-10T15:25:15.6493784+07:00" endTime="2026-07-10T15:25:15.6493784+07:00" testType="13cdc9d9-ddb5-4fa4-a97d-d965ccfc6d4b" outcome="Passed" testListId="8c84fa94-04c1-424b-9868-57a2d4851a1d" relativeResultsDirectory="3bd721b3-ca29-409d-88a7-44e76109a33c" />
    <UnitTestResult executionId="e4c84fed-41e8-4722-88da-5a45568564f5" testId="c782603f-e61d-8a7b-e3bb-c6aa675bcd02" testName="IdeaCadConnector.Tests.IronCadOpenServiceTests.IsIronCadAvailable_NullPath_ReturnsFalse" computerName="IDEAPC1107" duration="00:00:00.0010000" startTime="2026-07-10T15:25:14.7836690+07:00" endTime="2026-07-10T15:25:14.7836690+07:00" testType="13cdc9d9-ddb5-4fa4-a97d-d965ccfc6d4b" outcome="Passed" testListId="8c84fa94-04c1-424b-9868-57a2d4851a1d" relativeResultsDirectory="e4c84fed-41e8-4722-88da-5a45568564f5" />
    <UnitTestResult executionId="4cc561cf-587f-4acf-aed8-8ab83b0b01e8" testId="3615ed35-573b-a23d-8aa5-cf95cdff4467" testName="IdeaCadConnector.Tests.PartLibraryStage1Tests.RecordUsageAsync_Cancellation_DoesNotFallback" computerName="IDEAPC1107" duration="00:00:00.0020000" startTime="2026-07-10T15:25:15.5965233+07:00" endTime="2026-07-10T15:25:15.5965233+07:00" testType="13cdc9d9-ddb5-4fa4-a97d-d965ccfc6d4b" outcome="Passed" testListId="8c84fa94-04c1-424b-9868-57a2d4851a1d" relativeResultsDirectory="4cc561cf-587f-4acf-aed8-8ab83b0b01e8" />
    <UnitTestResult executionId="90bf06c1-8aad-44c9-aa66-e6b0f6455369" testId="cec15230-424c-7914-c81d-e54e1a3b0dde" testName="IdeaCadConnector.Tests.PartLibraryStage1Tests.ResolvePartAsync_LatestCurrentWithoutCurrentRevision_DoesNotFallBackToRelatedPart" computerName="IDEAPC1107" duration="00:00:00.0020000" startTime="2026-07-10T15:25:15.5745832+07:00" endTime="2026-07-10T15:25:15.5745832+07:00" testType="13cdc9d9-ddb5-4fa4-a97d-d965ccfc6d4b" outcome="Passed" testListId="8c84fa94-04c1-424b-9868-57a2d4851a1d" relativeResultsDirectory="90bf06c1-8aad-44c9-aa66-e6b0f6455369" />
    <UnitTestResult executionId="adda208d-7f9b-49de-ac96-7f882e4fd530" testId="4c989b58-de2e-a4e7-84b5-c3ff97f5c9b7" testName="IdeaCadConnector.Tests.LibraryViewModelTests.Filter_ArchivedHiddenByDefault_NoArchivedLibraries" computerName="IDEAPC1107" duration="00:00:00.2180000" startTime="2026-07-10T15:25:17.4170839+07:00" endTime="2026-07-10T15:25:17.4170839+07:00" testType="13cdc9d9-ddb5-4fa4-a97d-d965ccfc6d4b" outcome="Passed" testListId="8c84fa94-04c1-424b-9868-57a2d4851a1d" relativeResultsDirectory="adda208d-7f9b-49de-ac96-7f882e4fd530" />
    <UnitTestResult executionId="6f0a4b23-a1b7-4c3c-b177-f7cae7714cb6" testId="8bbad087-f63f-73c8-b0ec-ecd7b2b3eacf" testName="IdeaCadConnector.Tests.PartLibraryStage2Tests.SearchPartsAsync_ReturnsItems" computerName="IDEAPC1107" duration="00:00:00.0020000" startTime="2026-07-10T15:25:15.5755808+07:00" endTime="2026-07-10T15:25:15.5755808+07:00" testType="13cdc9d9-ddb5-4fa4-a97d-d965ccfc6d4b" outcome="Passed" testListId="8c84fa94-04c1-424b-9868-57a2d4851a1d" relativeResultsDirectory="6f0a4b23-a1b7-4c3c-b177-f7cae7714cb6" />
    <UnitTestResult executionId="de218f63-c9ed-486c-bea5-d063c5896e39" testId="8882fd68-7b0f-a3fb-ad08-c9e37b34b4d5" testName="IdeaCadConnector.Tests.PartLibraryStage2Tests.GetPartPreviewAsync_EmptyPartId_Throws" computerName="IDEAPC1107" duration="00:00:00.0020000" startTime="2026-07-10T15:25:15.6612596+07:00" endTime="2026-07-10T15:25:15.6612596+07:00" testType="13cdc9d9-ddb5-4fa4-a97d-d965ccfc6d4b" outcome="Passed" testListId="8c84fa94-04c1-424b-9868-57a2d4851a1d" relativeResultsDirectory="de218f63-c9ed-486c-bea5-d063c5896e39" />
    <UnitTestResult executionId="21eb00be-c9e5-4717-a2c8-e5b22057a71d" testId="3471fdc6-4f6d-5d95-7160-00e9039a7434" testName="IdeaCadConnector.Tests.PartLibraryStage2Tests.SearchPartsAsync_FiltersByPartType" computerName="IDEAPC1107" duration="00:00:00.0020000" startTime="2026-07-10T15:25:15.6354170+07:00" endTime="2026-07-10T15:25:15.6354170+07:00" testType="13cdc9d9-ddb5-4fa4-a97d-d965ccfc6d4b" outcome="Passed" testListId="8c84fa94-04c1-424b-9868-57a2d4851a1d" relativeResultsDirectory="21eb00be-c9e5-4717-a2c8-e5b22057a71d" />
    <UnitTestResult executionId="034202bf-4588-437a-9373-adbd3c104793" testId="9e0324aa-367a-74bb-cc49-33e6cdcad826" testName="IdeaCadConnector.Tests.PartLibraryTests.PushAsync_ConfigIdMismatch_ReturnsFailure" computerName="IDEAPC1107" duration="00:00:00.0030000" startTime="2026-07-10T15:25:15.4555642+07:00" endTime="2026-07-10T15:25:15.4555642+07:00" testType="13cdc9d9-ddb5-4fa4-a97d-d965ccfc6d4b" outcome="Passed" testListId="8c84fa94-04c1-424b-9868-57a2d4851a1d" relativeResultsDirectory="034202bf-4588-437a-9373-adbd3c104793" />
    <UnitTestResult executionId="25c7215e-81f1-4b25-8898-13d0ad750d40" testId="f6523d98-5f5d-0850-9a8a-f4aa17ab8be0" testName="IdeaCadConnector.Tests.MoveLibraryEntryViewModelTests.ArchivedTarget_IsExcludedFromList" computerName="IDEAPC1107" duration="00:00:00.0030000" startTime="2026-07-10T15:25:15.2536740+07:00" endTime="2026-07-10T15:25:15.2536740+07:00" testType="13cdc9d9-ddb5-4fa4-a97d-d965ccfc6d4b" outcome="Passed" testListId="8c84fa94-04c1-424b-9868-57a2d4851a1d" relativeResultsDirectory="25c7215e-81f1-4b25-8898-13d0ad750d40" />
    <UnitTestResult executionId="f95be172-a549-4ad7-bbd1-899fbd8a515d" testId="b22be627-375a-d8bc-f567-1dbe6f397ef3" testName="IdeaCadConnector.Tests.PartLibraryStage2Tests.SearchPartsAsync_Keyword_UsesOr" computerName="IDEAPC1107" duration="00:00:00.0020000" startTime="2026-07-10T15:25:15.3555140+07:00" endTime="2026-07-10T15:25:15.3555140+07:00" testType="13cdc9d9-ddb5-4fa4-a97d-d965ccfc6d4b" outcome="Passed" testListId="8c84fa94-04c1-424b-9868-57a2d4851a1d" relativeResultsDirectory="f95be172-a549-4ad7-bbd1-899fbd8a515d" />
    <UnitTestResult executionId="272278be-f0c6-4828-be12-5c6b55092789" testId="7fe252e8-03af-a949-3ab4-450cb685b4fe" testName="IdeaCadConnector.Tests.PartLibraryVaultServiceTests.VaultCacheKey_Equality_ComparesAllFields" computerName="IDEAPC1107" duration="00:00:00.0400000" startTime="2026-07-10T15:25:14.8196492+07:00" endTime="2026-07-10T15:25:14.8196492+07:00" testType="13cdc9d9-ddb5-4fa4-a97d-d965ccfc6d4b" outcome="Passed" testListId="8c84fa94-04c1-424b-9868-57a2d4851a1d" relativeResultsDirectory="272278be-f0c6-4828-be12-5c6b55092789" />
    <UnitTestResult executionId="4ca5cc57-f9b7-4a5f-8c6c-87cdd16faf3e" testId="3c6fee48-8a91-036d-4a91-be82908fbbb4" testName="IdeaCadConnector.Tests.PartLibraryStage1Tests.UpdateRevisionPolicyAsync_LatestReleased_ClearsPinnedFields" computerName="IDEAPC1107" duration="00:00:00.0050000" startTime="2026-07-10T15:25:15.2845906+07:00" endTime="2026-07-10T15:25:15.2845906+07:00" testType="13cdc9d9-ddb5-4fa4-a97d-d965ccfc6d4b" outcome="Passed" testListId="8c84fa94-04c1-424b-9868-57a2d4851a1d" relativeResultsDirectory="4ca5cc57-f9b7-4a5f-8c6c-87cdd16faf3e" />
    <UnitTestResult executionId="f19adbe4-2b12-4b8a-aba4-af4e1055358f" testId="1a6180cb-d237-33ff-d430-3f257a8caeb2" testName="IdeaCadConnector.Tests.PartLibraryTests.ClassifyArasError_DoesNotLeakCredentials(fragment: &quot;SOAP-ENV:&quot;, shouldLeak: True)" computerName="IDEAPC1107" duration="00:00:00.0010000" startTime="2026-07-10T15:25:15.4632958+07:00" endTime="2026-07-10T15:25:15.4632958+07:00" testType="13cdc9d9-ddb5-4fa4-a97d-d965ccfc6d4b" outcome="Passed" testListId="8c84fa94-04c1-424b-9868-57a2d4851a1d" relativeResultsDirectory="f19adbe4-2b12-4b8a-aba4-af4e1055358f" />
    <UnitTestResult executionId="eda2920d-0365-4eab-882b-432ccbf7738a" testId="57934c35-5251-1f15-0957-3232579f1c6d" testName="IdeaCadConnector.Tests.PartLibraryVaultServiceTests.GetPrimaryCadFileInfoAsync_EntryNotFound_ThrowsCadNotFound" computerName="IDEAPC1107" duration="00:00:00.0020000" startTime="2026-07-10T15:25:14.9686580+07:00" endTime="2026-07-10T15:25:14.9686580+07:00" testType="13cdc9d9-ddb5-4fa4-a97d-d965ccfc6d4b" outcome="Passed" testListId="8c84fa94-04c1-424b-9868-57a2d4851a1d" relativeResultsDirectory="eda2920d-0365-4eab-882b-432ccbf7738a" />
    <UnitTestResult executionId="aa16a6ff-5074-47d1-8162-f27d6d225ead" testId="dbc8bb61-ff4f-5923-6ddb-f414e2263d00" testName="IdeaCadConnector.Tests.PartLibraryTests.PartLifecyclePolicy_NullOrEmpty_ReturnsFalse" computerName="IDEAPC1107" duration="00:00:00.0010000" startTime="2026-07-10T15:25:15.4416010+07:00" endTime="2026-07-10T15:25:15.4416010+07:00" testType="13cdc9d9-ddb5-4fa4-a97d-d965ccfc6d4b" outcome="Passed" testListId="8c84fa94-04c1-424b-9868-57a2d4851a1d" relativeResultsDirectory="aa16a6ff-5074-47d1-8162-f27d6d225ead" />
    <UnitTestResult executionId="dc656b15-f736-48c6-9f64-9cf28b761707" testId="5883469e-826f-2620-64ab-19a846c626a5" testName="IdeaCadConnector.Tests.PartLibraryStage1Tests.SearchEntriesAsync_DeduplicatesEntryIdsAndIgnoresNonEntryItems" computerName="IDEAPC1107" duration="00:00:00.0020000" startTime="2026-07-10T15:25:15.4984948+07:00" endTime="2026-07-10T15:25:15.4984948+07:00" testType="13cdc9d9-ddb5-4fa4-a97d-d965ccfc6d4b" outcome="Passed" testListId="8c84fa94-04c1-424b-9868-57a2d4851a1d" relativeResultsDirectory="dc656b15-f736-48c6-9f64-9cf28b761707" />
    <UnitTestResult executionId="ae530d1f-a159-4571-99e6-b4a5ed62764c" testId="e8e5154f-efd8-b248-7d04-71650088c12a" testName="IdeaCadConnector.Tests.PartLibraryVaultServiceTests.DownloadToCacheAsync_NoFileName_UsesDefault" computerName="IDEAPC1107" duration="00:00:00.0050000" startTime="2026-07-10T15:25:14.9277482+07:00" endTime="2026-07-10T15:25:14.9277482+07:00" testType="13cdc9d9-ddb5-4fa4-a97d-d965ccfc6d4b" outcome="Passed" testListId="8c84fa94-04c1-424b-9868-57a2d4851a1d" relativeResultsDirectory="ae530d1f-a159-4571-99e6-b4a5ed62764c" />
    <UnitTestResult executionId="b18e52d4-7af5-483b-809f-155d9ba20cda" testId="16176c94-07f8-5621-6ed6-fd55fe3d43e9" testName="IdeaCadConnector.Tests.PartLibraryVaultServiceTests.BuildCacheKey_ServerAndDatabase_FromConstructor" computerName="IDEAPC1107" duration="00:00:00.0010000" startTime="2026-07-10T15:25:14.9885845+07:00" endTime="2026-07-10T15:25:14.9885845+07:00" testType="13cdc9d9-ddb5-4fa4-a97d-d965ccfc6d4b" outcome="Passed" testListId="8c84fa94-04c1-424b-9868-57a2d4851a1d" relativeResultsDirectory="b18e52d4-7af5-483b-809f-155d9ba20cda" />
    <UnitTestResult executionId="8afcb27d-fbea-4e61-b8e6-f6ad3e79dc5d" testId="b9bedffe-a711-f59a-d93e-da9090cb40e9" testName="IdeaCadConnector.Tests.ArasOpenUrlServiceTests.AllUrls_StartWithBaseUri" computerName="IDEAPC1107" duration="00:00:00.0010000" startTime="2026-07-10T15:25:14.8888311+07:00" endTime="2026-07-10T15:25:14.8888311+07:00" testType="13cdc9d9-ddb5-4fa4-a97d-d965ccfc6d4b" outcome="Passed" testListId="8c84fa94-04c1-424b-9868-57a2d4851a1d" relativeResultsDirectory="8afcb27d-fbea-4e61-b8e6-f6ad3e79dc5d" />
    <UnitTestResult executionId="839c4121-b734-4e4e-b138-d0191d045c9c" testId="53e3cfd7-d01a-7a41-251c-9233bc2ba78c" testName="IdeaCadConnector.Tests.PartLibraryStage2Tests.SearchPartsAsync_FiltersByCurrentOnly" computerName="IDEAPC1107" duration="00:00:00.0040000" startTime="2026-07-10T15:25:15.3295907+07:00" endTime="2026-07-10T15:25:15.3295907+07:00" testType="13cdc9d9-ddb5-4fa4-a97d-d965ccfc6d4b" outcome="Passed" testListId="8c84fa94-04c1-424b-9868-57a2d4851a1d" relativeResultsDirectory="839c4121-b734-4e4e-b138-d0191d045c9c" />
    <UnitTestResult executionId="3899b5a4-d02c-4a31-900e-82593d133d55" testId="c203cf13-6a53-6398-9200-b4b09be496f0" testName="IdeaCadConnector.Tests.PartLibraryTests.ClassifyErrorText_InsufficientPermission_ReturnsPermissionDenied" computerName="IDEAPC1107" duration="00:00:00.0010000" startTime="2026-07-10T15:25:15.4755568+07:00" endTime="2026-07-10T15:25:15.4755568+07:00" testType="13cdc9d9-ddb5-4fa4-a97d-d965ccfc6d4b" outcome="Passed" testListId="8c84fa94-04c1-424b-9868-57a2d4851a1d" relativeResultsDirectory="3899b5a4-d02c-4a31-900e-82593d133d55" />
    <UnitTestResult executionId="7cc0929b-d99b-4efe-ab86-0b341c8f5c99" testId="4807f597-81e6-7831-5b58-68f4c4f45d9f" testName="IdeaCadConnector.Tests.PartLibraryStage2Tests.ArchiveLibraryAsync_ArchivesSuccessfully" computerName="IDEAPC1107" duration="00:00:00.0010000" startTime="2026-07-10T15:25:15.6144742+07:00" endTime="2026-07-10T15:25:15.6144742+07:00" testType="13cdc9d9-ddb5-4fa4-a97d-d965ccfc6d4b" outcome="Passed" testListId="8c84fa94-04c1-424b-9868-57a2d4851a1d" relativeResultsDirectory="7cc0929b-d99b-4efe-ab86-0b341c8f5c99" />
    <UnitTestResult executionId="d959e079-551f-4862-b9f8-320f31518e31" testId="49179e83-b83a-f52a-8e5b-68d42ee36968" testName="IdeaCadConnector.Tests.PartRevisionBrowserViewModelTests.CanPin_True_EnablesPin_ForReviewer" computerName="IDEAPC1107" duration="00:00:00.0020000" startTime="2026-07-10T15:25:15.2556686+07:00" endTime="2026-07-10T15:25:15.2556686+07:00" testType="13cdc9d9-ddb5-4fa4-a97d-d965ccfc6d4b" outcome="Passed" testListId="8c84fa94-04c1-424b-9868-57a2d4851a1d" relativeResultsDirectory="d959e079-551f-4862-b9f8-320f31518e31" />
    <UnitTestResult executionId="f049e6ba-7d3c-4f66-8afa-06374dac9e39" testId="71ed1cf3-3a16-deda-7c98-15d2cde63672" testName="IdeaCadConnector.Tests.PartLibraryStage1Tests.MethodSource_NoLocalFunction" computerName="IDEAPC1107" duration="00:00:00.0010000" startTime="2026-07-10T15:25:15.4725679+07:00" endTime="2026-07-10T15:25:15.4725679+07:00" testType="13cdc9d9-ddb5-4fa4-a97d-d965ccfc6d4b" outcome="Passed" testListId="8c84fa94-04c1-424b-9868-57a2d4851a1d" relativeResultsDirectory="f049e6ba-7d3c-4f66-8afa-06374dac9e39" />
    <UnitTestResult executionId="62152c66-e8a5-4871-9624-06c272e7127f" testId="9de3ccd9-3971-0198-19be-12a2d70760a2" testName="IdeaCadConnector.Tests.LibraryManagementUiTests.MoveCommand_DisabledForContributorWithoutMovePermission" computerName="IDEAPC1107" duration="00:00:00.0010000" startTime="2026-07-10T15:25:16.8348194+07:00" endTime="2026-07-10T15:25:16.8348194+07:00" testType="13cdc9d9-ddb5-4fa4-a97d-d965ccfc6d4b" outcome="Passed" testListId="8c84fa94-04c1-424b-9868-57a2d4851a1d" relativeResultsDirectory="62152c66-e8a5-4871-9624-06c272e7127f" />
    <UnitTestResult executionId="fc28cdc9-5fda-417d-85be-e31478cd2fa5" testId="af11f9c4-920e-1857-2cc3-9eb8f19b9dfc" testName="IdeaCadConnector.Tests.LibraryManagementUiTests.MoveCommand_DisabledWithNoSelectedEntry" computerName="IDEAPC1107" duration="00:00:00.0010000" startTime="2026-07-10T15:25:16.1931359+07:00" endTime="2026-07-10T15:25:16.1931359+07:00" testType="13cdc9d9-ddb5-4fa4-a97d-d965ccfc6d4b" outcome="Passed" testListId="8c84fa94-04c1-424b-9868-57a2d4851a1d" relativeResultsDirectory="fc28cdc9-5fda-417d-85be-e31478cd2fa5" />
    <UnitTestResult executionId="8ec1bf68-66fa-42cc-b200-bed0362f3aad" testId="fc75570e-995e-fea1-2323-9368d7d6fdcd" testName="IdeaCadConnector.Tests.ArasOpenUrlServiceTests.BuildUrlAsync_NullRequest_ReturnsValidationFailed" computerName="IDEAPC1107" duration="00:00:00.0140000" startTime="2026-07-10T15:25:14.7997037+07:00" endTime="2026-07-10T15:25:14.7997037+07:00" testType="13cdc9d9-ddb5-4fa4-a97d-d965ccfc6d4b" outcome="Passed" testListId="8c84fa94-04c1-424b-9868-57a2d4851a1d" relativeResultsDirectory="8ec1bf68-66fa-42cc-b200-bed0362f3aad" />
    <UnitTestResult executionId="7cf543cd-9b0f-4b70-93ee-c75dea21c2b6" testId="f8cff045-c7e9-74f2-3175-993422768d60" testName="IdeaCadConnector.Tests.LibraryManagementUiTests.MoveCommand_DisabledForArchivedSelectedLibrary" computerName="IDEAPC1107" duration="00:00:00.0020000" startTime="2026-07-10T15:25:15.6204583+07:00" endTime="2026-07-10T15:25:15.6204583+07:00" testType="13cdc9d9-ddb5-4fa4-a97d-d965ccfc6d4b" outcome="Passed" testListId="8c84fa94-04c1-424b-9868-57a2d4851a1d" relativeResultsDirectory="7cf543cd-9b0f-4b70-93ee-c75dea21c2b6" />
    <UnitTestResult executionId="b0d4e87f-83c7-454c-9a69-2863c3a8664f" testId="a5612f6c-b077-39a7-98a2-4fef1df6d09a" testName="IdeaCadConnector.Tests.PartLibraryStage1Tests.MethodSource_NoAsyncKeyword" computerName="IDEAPC1107" duration="00:00:00.0010000" startTime="2026-07-10T15:25:15.2950785+07:00" endTime="2026-07-10T15:25:15.2950785+07:00" testType="13cdc9d9-ddb5-4fa4-a97d-d965ccfc6d4b" outcome="Passed" testListId="8c84fa94-04c1-424b-9868-57a2d4851a1d" relativeResultsDirectory="b0d4e87f-83c7-454c-9a69-2863c3a8664f" />
    <UnitTestResult executionId="99a24240-0978-4ac8-a70e-bf96f04bbe16" testId="5c6a43e9-6cfe-1768-be03-fdc52f009ed5" testName="IdeaCadConnector.Tests.DocumentHashTests.AnalyzedDocumentFile_Fingerprint_IsSha256_NotTimestamp" computerName="IDEAPC1107" duration="00:00:00.0070000" startTime="2026-07-10T15:25:15.0575952+07:00" endTime="2026-07-10T15:25:15.0575952+07:00" testType="13cdc9d9-ddb5-4fa4-a97d-d965ccfc6d4b" outcome="Passed" testListId="8c84fa94-04c1-424b-9868-57a2d4851a1d" relativeResultsDirectory="99a24240-0978-4ac8-a70e-bf96f04bbe16" />
    <UnitTestResult executionId="a75f3197-1cd5-4e95-93a1-993d1645360b" testId="66e4a5e8-1182-4175-1f39-5d222ff1b8c6" testName="IdeaCadConnector.Tests.PartRevisionBrowserViewModelTests.PermissionDenied_DisplayedClearly" computerName="IDEAPC1107" duration="00:00:00.0010000" startTime="2026-07-10T15:25:15.7063305+07:00" endTime="2026-07-10T15:25:15.7063305+07:00" testType="13cdc9d9-ddb5-4fa4-a97d-d965ccfc6d4b" outcome="Passed" testListId="8c84fa94-04c1-424b-9868-57a2d4851a1d" relativeResultsDirectory="a75f3197-1cd5-4e95-93a1-993d1645360b" />
    <UnitTestResult executionId="f5e9628a-00a7-4997-8d37-482860b5c6bb" testId="dc5ad32b-2484-f46b-c769-d72b79770a87" testName="IdeaCadConnector.Tests.PartLibraryStage2Tests.GetPrimaryCadInfoAsync_AllCandidatesNotFound_FallsBackToCadDocumentNumber" computerName="IDEAPC1107" duration="00:00:00.0090000" startTime="2026-07-10T15:25:15.5605824+07:00" endTime="2026-07-10T15:25:15.5605824+07:00" testType="13cdc9d9-ddb5-4fa4-a97d-d965ccfc6d4b" outcome="Passed" testListId="8c84fa94-04c1-424b-9868-57a2d4851a1d" relativeResultsDirectory="f5e9628a-00a7-4997-8d37-482860b5c6bb" />
    <UnitTestResult executionId="e5f63816-1ca9-4fd5-bafe-c01812364ae7" testId="86fb7a83-e8aa-17fd-b04e-1444daedd4e7" testName="IdeaCadConnector.Tests.PartLibraryStage2Tests.SearchPartsAsync_PagingWorks" computerName="IDEAPC1107" duration="00:00:00.0020000" startTime="2026-07-10T15:25:15.5735876+07:00" endTime="2026-07-10T15:25:15.5735876+07:00" testType="13cdc9d9-ddb5-4fa4-a97d-d965ccfc6d4b" outcome="Passed" testListId="8c84fa94-04c1-424b-9868-57a2d4851a1d" relativeResultsDirectory="e5f63816-1ca9-4fd5-bafe-c01812364ae7" />
    <UnitTestResult executionId="78356ba1-d436-4faa-8f9d-dc5a14f276d9" testId="ed5bd510-e990-56e6-1f32-41c01e4e35a0" testName="IdeaCadConnector.Tests.PartLibraryStage1Tests.MethodSource_SyncEntryStatus_UsesLifecycleState" computerName="IDEAPC1107" duration="00:00:00.0010000" startTime="2026-07-10T15:25:15.2275091+07:00" endTime="2026-07-10T15:25:15.2275091+07:00" testType="13cdc9d9-ddb5-4fa4-a97d-d965ccfc6d4b" outcome="Passed" testListId="8c84fa94-04c1-424b-9868-57a2d4851a1d" relativeResultsDirectory="78356ba1-d436-4faa-8f9d-dc5a14f276d9" />
    <UnitTestResult executionId="60331636-cfbd-4b32-8d56-999a1c84bce0" testId="b4a63e73-5e5b-91e2-def7-501d8d217d26" testName="IdeaCadConnector.Tests.PartLibraryStage2Tests.GetPrimaryCadInfoAsync_Canceled_Propagates" computerName="IDEAPC1107" duration="00:00:00.0020000" startTime="2026-07-10T15:25:15.3210080+07:00" endTime="2026-07-10T15:25:15.3210080+07:00" testType="13cdc9d9-ddb5-4fa4-a97d-d965ccfc6d4b" outcome="Passed" testListId="8c84fa94-04c1-424b-9868-57a2d4851a1d" relativeResultsDirectory="60331636-cfbd-4b32-8d56-999a1c84bce0" />
    <UnitTestResult executionId="c6ee0c5b-1d9d-44f2-a5ee-f44ac2a70384" testId="b39b7e90-8d5b-7caa-0353-09c69162e3f9" testName="IdeaCadConnector.Tests.PartLibraryStage1Tests.SearchEntriesAsync_AuthFailureQueryingUsage_Throws" computerName="IDEAPC1107" duration="00:00:00.0020000" startTime="2026-07-10T15:25:15.4692777+07:00" endTime="2026-07-10T15:25:15.4692777+07:00" testType="13cdc9d9-ddb5-4fa4-a97d-d965ccfc6d4b" outcome="Passed" testListId="8c84fa94-04c1-424b-9868-57a2d4851a1d" relativeResultsDirectory="c6ee0c5b-1d9d-44f2-a5ee-f44ac2a70384" />
    <UnitTestResult executionId="36ea25c5-e133-42fd-9762-660dd5b29cdf" testId="c265229e-7a0d-80ca-5fb3-6b6727528ec3" testName="IdeaCadConnector.Tests.PartLibraryTests.PartLifecyclePolicy_Obsolete_CaseInsensitive" computerName="IDEAPC1107" duration="00:00:00.0010000" startTime="2026-07-10T15:25:15.4435954+07:00" endTime="2026-07-10T15:25:15.4435954+07:00" testType="13cdc9d9-ddb5-4fa4-a97d-d965ccfc6d4b" outcome="Passed" testListId="8c84fa94-04c1-424b-9868-57a2d4851a1d" relativeResultsDirectory="36ea25c5-e133-42fd-9762-660dd5b29cdf" />
    <UnitTestResult executionId="d1f3c2d4-c0b7-4c12-b8a4-8bff7741ff10" testId="b5550453-993f-62c8-8be0-b54179fdcdbf" testName="IdeaCadConnector.Tests.LibraryViewModelTests.LibraryViewModel_DetailEmptyStates_UpdateAfterSelectionClears" computerName="IDEAPC1107" duration="00:00:00.0030000" startTime="2026-07-10T15:25:16.0315217+07:00" endTime="2026-07-10T15:25:16.0315217+07:00" testType="13cdc9d9-ddb5-4fa4-a97d-d965ccfc6d4b" outcome="Passed" testListId="8c84fa94-04c1-424b-9868-57a2d4851a1d" relativeResultsDirectory="d1f3c2d4-c0b7-4c12-b8a4-8bff7741ff10" />
    <UnitTestResult executionId="1acf0d43-143b-414a-a233-1ccf29089d29" testId="35d5e17f-e56e-d9b1-0ae1-62de995dc57f" testName="IdeaCadConnector.Tests.PartLibraryTests.PartLifecyclePolicy_DoesNotUseCadLifecyclePolicy" computerName="IDEAPC1107" duration="00:00:00.0010000" startTime="2026-07-10T15:25:15.6864834+07:00" endTime="2026-07-10T15:25:15.6864834+07:00" testType="13cdc9d9-ddb5-4fa4-a97d-d965ccfc6d4b" outcome="Passed" testListId="8c84fa94-04c1-424b-9868-57a2d4851a1d" relativeResultsDirectory="1acf0d43-143b-414a-a233-1ccf29089d29" />
    <UnitTestResult executionId="2e6bffb4-275b-4bf9-9f64-65e511564b91" testId="0ce063a6-1597-4b3f-3f78-f5b5a890b20b" testName="IdeaCadConnector.Tests.PartLibraryStage2Tests.UpdateLibraryAsync_EmptyLibraryId_ReturnsError" computerName="IDEAPC1107" duration="00:00:00.0050000" startTime="2026-07-10T15:25:15.3335748+07:00" endTime="2026-07-10T15:25:15.3335748+07:00" testType="13cdc9d9-ddb5-4fa4-a97d-d965ccfc6d4b" outcome="Passed" testListId="8c84fa94-04c1-424b-9868-57a2d4851a1d" relativeResultsDirectory="2e6bffb4-275b-4bf9-9f64-65e511564b91" />
    <UnitTestResult executionId="39983ab5-3a5f-4f3a-90ea-88cf80c2cefa" testId="8a11a343-c982-13c0-25f9-04c1f5479bd1" testName="IdeaCadConnector.Tests.LibraryManagementUiTests.RevisionBrowserCommand_OpensDialogForContributor" computerName="IDEAPC1107" duration="00:00:00.2130000" startTime="2026-07-10T15:25:16.8328238+07:00" endTime="2026-07-10T15:25:16.8328238+07:00" testType="13cdc9d9-ddb5-4fa4-a97d-d965ccfc6d4b" outcome="Passed" testListId="8c84fa94-04c1-424b-9868-57a2d4851a1d" relativeResultsDirectory="39983ab5-3a5f-4f3a-90ea-88cf80c2cefa" />
    <UnitTestResult executionId="06d4080a-4835-4e74-875d-b7fcb0d9961c" testId="e9a7d750-0831-6a6c-dca5-ee9a8901bcc3" testName="IdeaCadConnector.Tests.PartLibraryStage2Tests.ExtractArasItemId_ReturnsRawId_WhenTokenIsString" computerName="IDEAPC1107" duration="00:00:00.0010000" startTime="2026-07-10T15:25:15.5054777+07:00" endTime="2026-07-10T15:25:15.5054777+07:00" testType="13cdc9d9-ddb5-4fa4-a97d-d965ccfc6d4b" outcome="Passed" testListId="8c84fa94-04c1-424b-9868-57a2d4851a1d" relativeResultsDirectory="06d4080a-4835-4e74-875d-b7fcb0d9961c" />
    <UnitTestResult executionId="d7875d89-b554-4c0a-9938-9334a2a5c94c" testId="631f4c72-d53b-68df-8389-6a633ffae80e" testName="IdeaCadConnector.Tests.PartLibraryStage1Tests.DialogXaml_HasWindowRootElement(subDir: &quot;Dialogs&quot;, className: &quot;AddLibraryPartToProjectDialog&quot;)" computerName="IDEAPC1107" duration="00:00:00.0010000" startTime="2026-07-10T15:25:15.5425365+07:00" endTime="2026-07-10T15:25:15.5425365+07:00" testType="13cdc9d9-ddb5-4fa4-a97d-d965ccfc6d4b" outcome="Passed" testListId="8c84fa94-04c1-424b-9868-57a2d4851a1d" relativeResultsDirectory="d7875d89-b554-4c0a-9938-9334a2a5c94c" />
    <UnitTestResult executionId="b8a0fcdc-4593-486d-a7b5-f44a8dfe4552" testId="a59b363e-0945-07d6-3894-846c105117cc" testName="IdeaCadConnector.Tests.PartLibraryStage2Tests.GetPartPreviewAsync_NoCad_NotEligible" computerName="IDEAPC1107" duration="00:00:00.0050000" startTime="2026-07-10T15:25:15.2825945+07:00" endTime="2026-07-10T15:25:15.2825945+07:00" testType="13cdc9d9-ddb5-4fa4-a97d-d965ccfc6d4b" outcome="Passed" testListId="8c84fa94-04c1-424b-9868-57a2d4851a1d" relativeResultsDirectory="b8a0fcdc-4593-486d-a7b5-f44a8dfe4552" />
    <UnitTestResult executionId="7ccc3a8c-a159-4392-b7e9-efe894fb8b76" testId="e34f143b-3e83-e7bb-8927-59bc7cd9defe" testName="IdeaCadConnector.Tests.LibraryManagementUiTests.MoveCommand_DisabledForViewer" computerName="IDEAPC1107" duration="00:00:00.0010000" startTime="2026-07-10T15:25:16.1951310+07:00" endTime="2026-07-10T15:25:16.1951310+07:00" testType="13cdc9d9-ddb5-4fa4-a97d-d965ccfc6d4b" outcome="Passed" testListId="8c84fa94-04c1-424b-9868-57a2d4851a1d" relativeResultsDirectory="7ccc3a8c-a159-4392-b7e9-efe894fb8b76" />
    <UnitTestResult executionId="18aad60f-7abd-4ab8-a50f-e99023e12196" testId="f4db39f0-5920-1392-f4cd-8d3055ba52c7" testName="IdeaCadConnector.Tests.PartLibraryStage1Tests.RecordUsageAsync_AlreadyExists_ReturnsCorrectResult" computerName="IDEAPC1107" duration="00:00:00.0010000" startTime="2026-07-10T15:25:15.3941734+07:00" endTime="2026-07-10T15:25:15.3941734+07:00" testType="13cdc9d9-ddb5-4fa4-a97d-d965ccfc6d4b" outcome="Passed" testListId="8c84fa94-04c1-424b-9868-57a2d4851a1d" relativeResultsDirectory="18aad60f-7abd-4ab8-a50f-e99023e12196" />
    <UnitTestResult executionId="48ae550a-5969-493d-9ed2-2c7cb4a5c462" testId="d8cab440-13d3-28b7-f504-37a3c414ebbf" testName="IdeaCadConnector.Tests.PartLibraryStage2Tests.CheckDuplicateEntryAsync_EmptyConfigId_Throws" computerName="IDEAPC1107" duration="00:00:00.0020000" startTime="2026-07-10T15:25:15.5795696+07:00" endTime="2026-07-10T15:25:15.5795696+07:00" testType="13cdc9d9-ddb5-4fa4-a97d-d965ccfc6d4b" outcome="Passed" testListId="8c84fa94-04c1-424b-9868-57a2d4851a1d" relativeResultsDirectory="48ae550a-5969-493d-9ed2-2c7cb4a5c462" />
    <UnitTestResult executionId="ac465037-412a-4d9f-a01d-2d2331e0411a" testId="9a8d38fe-0210-d84c-d7f2-094b405c27c2" testName="IdeaCadConnector.Tests.LibraryManagementUiTests.MoveCommand_EnabledForReviewer" computerName="IDEAPC1107" duration="00:00:00.0010000" startTime="2026-07-10T15:25:15.7163034+07:00" endTime="2026-07-10T15:25:15.7163034+07:00" testType="13cdc9d9-ddb5-4fa4-a97d-d965ccfc6d4b" outcome="Passed" testListId="8c84fa94-04c1-424b-9868-57a2d4851a1d" relativeResultsDirectory="ac465037-412a-4d9f-a01d-2d2331e0411a" />
    <UnitTestResult executionId="52b4f96b-21e2-47c7-beea-4829e84ed091" testId="0f17052b-8614-7edd-b2d0-f660a88d5675" testName="IdeaCadConnector.Tests.PartLibraryVaultServiceTests.GetPrimaryCadFileInfoAsync_NoCadId_ThrowsCadNotFound" computerName="IDEAPC1107" duration="00:00:00.0090000" startTime="2026-07-10T15:25:14.9919860+07:00" endTime="2026-07-10T15:25:14.9919860+07:00" testType="13cdc9d9-ddb5-4fa4-a97d-d965ccfc6d4b" outcome="Passed" testListId="8c84fa94-04c1-424b-9868-57a2d4851a1d" relativeResultsDirectory="52b4f96b-21e2-47c7-beea-4829e84ed091" />
    <UnitTestResult executionId="afce7b82-2742-4f49-8fa3-c4f210b56bf5" testId="56844554-8bf9-0aeb-2492-52b19dc0fbf5" testName="IdeaCadConnector.Tests.ArasOpenUrlServiceTests.AllUrls_IncludeResourceAspx" computerName="IDEAPC1107" duration="00:00:00.0010000" startTime="2026-07-10T15:25:14.8947698+07:00" endTime="2026-07-10T15:25:14.8947698+07:00" testType="13cdc9d9-ddb5-4fa4-a97d-d965ccfc6d4b" outcome="Passed" testListId="8c84fa94-04c1-424b-9868-57a2d4851a1d" relativeResultsDirectory="afce7b82-2742-4f49-8fa3-c4f210b56bf5" />
    <UnitTestResult executionId="9deb1ced-bbb7-41bb-b7cc-7f7225c5bfb3" testId="c8e938c4-1b68-92fb-8db5-13a3682e00da" testName="IdeaCadConnector.Tests.PartRevisionBrowserViewModelTests.CanPin_False_WhenCanPinRevisionsIsFalse" computerName="IDEAPC1107" duration="00:00:00.0020000" startTime="2026-07-10T15:25:15.2511317+07:00" endTime="2026-07-10T15:25:15.2511317+07:00" testType="13cdc9d9-ddb5-4fa4-a97d-d965ccfc6d4b" outcome="Passed" testListId="8c84fa94-04c1-424b-9868-57a2d4851a1d" relativeResultsDirectory="9deb1ced-bbb7-41bb-b7cc-7f7225c5bfb3" />
    <UnitTestResult executionId="218796bb-969c-436d-a07c-e755ff2d3253" testId="3c9c915e-da00-9d3e-cb7d-841a76f3a08a" testName="IdeaCadConnector.Tests.LibraryManagementUiTests.MoveCommand_PermissionDenied_DisplayedClearly" computerName="IDEAPC1107" duration="00:00:00.2030000" startTime="2026-07-10T15:25:16.6131463+07:00" endTime="2026-07-10T15:25:16.6131463+07:00" testType="13cdc9d9-ddb5-4fa4-a97d-d965ccfc6d4b" outcome="Passed" testListId="8c84fa94-04c1-424b-9868-57a2d4851a1d" relativeResultsDirectory="218796bb-969c-436d-a07c-e755ff2d3253" />
    <UnitTestResult executionId="909db0ff-ffcc-4203-b20d-c9f065903b44" testId="bdfea160-cba9-364f-471d-3cc4422c7e4f" testName="IdeaCadConnector.Tests.PushContractTests.AnalyzedDocumentFile_To_DocumentPreviewRow_FileSizeFromFile" computerName="IDEAPC1107" duration="00:00:00.0620000" startTime="2026-07-10T15:25:14.9949784+07:00" endTime="2026-07-10T15:25:14.9949784+07:00" testType="13cdc9d9-ddb5-4fa4-a97d-d965ccfc6d4b" outcome="Passed" testListId="8c84fa94-04c1-424b-9868-57a2d4851a1d" relativeResultsDirectory="909db0ff-ffcc-4203-b20d-c9f065903b44" />
    <UnitTestResult executionId="a82bfc00-2df3-4b6e-bdcd-28dee6dbb2c6" testId="86608838-f618-bfa2-7144-215b43ee64ef" testName="IdeaCadConnector.Tests.EnvironmentConfigurationTests.Load_WhenRoleOverride_ContributorUsersMapsNvtkc" computerName="IDEAPC1107" duration="00:00:00.0040000" startTime="2026-07-10T15:25:15.5285742+07:00" endTime="2026-07-10T15:25:15.5285742+07:00" testType="13cdc9d9-ddb5-4fa4-a97d-d965ccfc6d4b" outcome="Passed" testListId="8c84fa94-04c1-424b-9868-57a2d4851a1d" relativeResultsDirectory="a82bfc00-2df3-4b6e-bdcd-28dee6dbb2c6" />
    <UnitTestResult executionId="c68e5185-8ef1-40f6-98d3-a66349bc424d" testId="6270909d-5cd5-ea45-46ce-d35e1e2ef734" testName="IdeaCadConnector.Tests.ArasPartPickerViewModelTests.IneligiblePreview_BlocksAdd" computerName="IDEAPC1107" duration="00:00:00.1160000" startTime="2026-07-10T15:25:15.6984526+07:00" endTime="2026-07-10T15:25:15.6984526+07:00" testType="13cdc9d9-ddb5-4fa4-a97d-d965ccfc6d4b" outcome="Passed" testListId="8c84fa94-04c1-424b-9868-57a2d4851a1d" relativeResultsDirectory="c68e5185-8ef1-40f6-98d3-a66349bc424d" />
    <UnitTestResult executionId="7bb25596-4206-40e4-a767-b8907dd55492" testId="09b2edd7-963e-a147-7a4b-e97555dcb0d9" testName="IdeaCadConnector.Tests.PartLibraryStage2Tests.GetCadDetailsAsync_NoPartCadRel_AndNoFallback_ReturnsNoCad" computerName="IDEAPC1107" duration="00:00:00.0020000" startTime="2026-07-10T15:25:15.2736191+07:00" endTime="2026-07-10T15:25:15.2736191+07:00" testType="13cdc9d9-ddb5-4fa4-a97d-d965ccfc6d4b" outcome="Passed" testListId="8c84fa94-04c1-424b-9868-57a2d4851a1d" relativeResultsDirectory="7bb25596-4206-40e4-a767-b8907dd55492" />
    <UnitTestResult executionId="7b6c6b9c-b2f2-462c-a14f-2bbb27b0e546" testId="479c7740-98c2-2219-353d-8e93d8ee8c99" testName="IdeaCadConnector.Tests.PartLibraryVaultServiceTests.DownloadToCacheAsync_NullCadInfo_ReturnsValidationFailed" computerName="IDEAPC1107" duration="00:00:00.0010000" startTime="2026-07-10T15:25:14.9467153+07:00" endTime="2026-07-10T15:25:14.9467153+07:00" testType="13cdc9d9-ddb5-4fa4-a97d-d965ccfc6d4b" outcome="Passed" testListId="8c84fa94-04c1-424b-9868-57a2d4851a1d" relativeResultsDirectory="7b6c6b9c-b2f2-462c-a14f-2bbb27b0e546" />
    <UnitTestResult executionId="11c703f0-ffb1-43ea-bc1c-89af8dbd852b" testId="0e7f46d9-b9a9-3f1c-0032-16eeeab8c23b" testName="IdeaCadConnector.Tests.PartLibraryTests.PushAsync_RevisionMismatch_ReturnsFailure" computerName="IDEAPC1107" duration="00:00:00.0010000" startTime="2026-07-10T15:25:15.6814985+07:00" endTime="2026-07-10T15:25:15.6814985+07:00" testType="13cdc9d9-ddb5-4fa4-a97d-d965ccfc6d4b" outcome="Passed" testListId="8c84fa94-04c1-424b-9868-57a2d4851a1d" relativeResultsDirectory="11c703f0-ffb1-43ea-bc1c-89af8dbd852b" />
    <UnitTestResult executionId="a0efecba-e80c-4a92-810a-a6eccd7546a7" testId="25946390-8b2d-03aa-6eed-cb09551fe1be" testName="IdeaCadConnector.Tests.PartLibraryStage2CoreTests.SearchPartRevisionsAsync_ResolvesConfigFromPartId" computerName="IDEAPC1107" duration="00:00:00.0030000" startTime="2026-07-10T15:25:15.2005836+07:00" endTime="2026-07-10T15:25:15.2005836+07:00" testType="13cdc9d9-ddb5-4fa4-a97d-d965ccfc6d4b" outcome="Passed" testListId="8c84fa94-04c1-424b-9868-57a2d4851a1d" relativeResultsDirectory="a0efecba-e80c-4a92-810a-a6eccd7546a7" />
    <UnitTestResult executionId="9938903f-1fe8-44f5-9f16-da7cd4bf76b0" testId="57b15ca0-1238-05ca-636a-b935987c1a38" testName="IdeaCadConnector.Tests.PartLibraryStage1Tests.AddToCurrentProjectDialog_DoesNotCallDialogClose" computerName="IDEAPC1107" duration="00:00:00.0020000" startTime="2026-07-10T15:25:15.2980704+07:00" endTime="2026-07-10T15:25:15.2980704+07:00" testType="13cdc9d9-ddb5-4fa4-a97d-d965ccfc6d4b" outcome="Passed" testListId="8c84fa94-04c1-424b-9868-57a2d4851a1d" relativeResultsDirectory="9938903f-1fe8-44f5-9f16-da7cd4bf76b0" />
    <UnitTestResult executionId="2d2b1396-c16e-47e6-b97c-a778efbf9ef7" testId="d6a1f884-de71-0c54-e88f-df0679eee40b" testName="IdeaCadConnector.Tests.LibraryViewModelTests.AddToCurrentProject_ReferenceStoreThrows_ConvertsExceptionToStatus" computerName="IDEAPC1107" duration="00:00:00.1040000" startTime="2026-07-10T15:25:16.1355298+07:00" endTime="2026-07-10T15:25:16.1355298+07:00" testType="13cdc9d9-ddb5-4fa4-a97d-d965ccfc6d4b" outcome="Passed" testListId="8c84fa94-04c1-424b-9868-57a2d4851a1d" relativeResultsDirectory="2d2b1396-c16e-47e6-b97c-a778efbf9ef7" />
    <UnitTestResult executionId="33d42408-4271-4ad4-af95-bdbc0b4c143f" testId="6874762a-d46a-0f5c-1524-2e8af46e5006" testName="IdeaCadConnector.Tests.PartLibraryStage2Tests.GetPrimaryCadInfoAsync_ServerMethodResult_WinsBeforeClientRelationshipParsing" computerName="IDEAPC1107" duration="00:00:00.0020000" startTime="2026-07-10T15:25:15.4672842+07:00" endTime="2026-07-10T15:25:15.4672842+07:00" testType="13cdc9d9-ddb5-4fa4-a97d-d965ccfc6d4b" outcome="Passed" testListId="8c84fa94-04c1-424b-9868-57a2d4851a1d" relativeResultsDirectory="33d42408-4271-4ad4-af95-bdbc0b4c143f" />
    <UnitTestResult executionId="89f9c717-2275-4a53-a58b-3a26d783a20a" testId="ba5eee13-3dde-8367-bed6-424fd68b4161" testName="IdeaCadConnector.Tests.EnvironmentConfigurationTests.Load_WhenPathExpansion_PercentAppDataExpands" computerName="IDEAPC1107" duration="00:00:00.0010000" startTime="2026-07-10T15:25:15.3535192+07:00" endTime="2026-07-10T15:25:15.3535192+07:00" testType="13cdc9d9-ddb5-4fa4-a97d-d965ccfc6d4b" outcome="Passed" testListId="8c84fa94-04c1-424b-9868-57a2d4851a1d" relativeResultsDirectory="89f9c717-2275-4a53-a58b-3a26d783a20a" />
    <UnitTestResult executionId="3871eb3a-3eac-42d7-b098-87ac27cf214c" testId="b2500ea3-9d7f-f8ad-4ef3-9b650a56f123" testName="IdeaCadConnector.Tests.PartLibraryTests.PushAsync_ObsoletePart_ReturnsFailureWithoutLoaiBo" computerName="IDEAPC1107" duration="00:00:00.0010000" startTime="2026-07-10T15:25:15.6652487+07:00" endTime="2026-07-10T15:25:15.6652487+07:00" testType="13cdc9d9-ddb5-4fa4-a97d-d965ccfc6d4b" outcome="Passed" testListId="8c84fa94-04c1-424b-9868-57a2d4851a1d" relativeResultsDirectory="3871eb3a-3eac-42d7-b098-87ac27cf214c" />
    <UnitTestResult executionId="3b08838d-99a5-442f-95b5-6ab4be0df1eb" testId="3478bd2a-3c21-74ff-71aa-efb7c95afe6c" testName="IdeaCadConnector.Tests.PartLibraryStage1Tests.DeploymentDoc_ExistsAndMentionsIdempotencyKey" computerName="IDEAPC1107" duration="00:00:00.0010000" startTime="2026-07-10T15:25:15.3030581+07:00" endTime="2026-07-10T15:25:15.3030581+07:00" testType="13cdc9d9-ddb5-4fa4-a97d-d965ccfc6d4b" outcome="Passed" testListId="8c84fa94-04c1-424b-9868-57a2d4851a1d" relativeResultsDirectory="3b08838d-99a5-442f-95b5-6ab4be0df1eb" />
    <UnitTestResult executionId="273f7419-b93f-4bcd-ae55-6bdbee92d0bd" testId="de963dfa-a1fa-a5f1-ed2b-89b9dfcdfdcb" testName="IdeaCadConnector.Tests.PartLibraryStage1Tests.GetLibrariesAsync_CountsUniqueTopLevelEntryRelationshipsOnly" computerName="IDEAPC1107" duration="00:00:00.0020000" startTime="2026-07-10T15:25:15.5225915+07:00" endTime="2026-07-10T15:25:15.5225915+07:00" testType="13cdc9d9-ddb5-4fa4-a97d-d965ccfc6d4b" outcome="Passed" testListId="8c84fa94-04c1-424b-9868-57a2d4851a1d" relativeResultsDirectory="273f7419-b93f-4bcd-ae55-6bdbee92d0bd" />
    <UnitTestResult executionId="066629db-7188-40db-b52d-7d47bc5c0aef" testId="4f36390e-262f-ca8b-31be-434337e2c2d6" testName="IdeaCadConnector.Tests.PartLibraryVaultServiceTests.GetCachedFilePath_NullCadInfo_ReturnsNull" computerName="IDEAPC1107" duration="00:00:00.0010000" startTime="2026-07-10T15:25:14.8495533+07:00" endTime="2026-07-10T15:25:14.8495533+07:00" testType="13cdc9d9-ddb5-4fa4-a97d-d965ccfc6d4b" outcome="Passed" testListId="8c84fa94-04c1-424b-9868-57a2d4851a1d" relativeResultsDirectory="066629db-7188-40db-b52d-7d47bc5c0aef" />
    <UnitTestResult executionId="c0195cb6-5977-4c0b-9970-8c803c5d90c4" testId="18d0377a-3f27-d670-1429-72435e062f99" testName="IdeaCadConnector.Tests.PartLibraryStage1Tests.MethodSource_HandlesErrorCodeZeroAsSuccess" computerName="IDEAPC1107" duration="00:00:00.0010000" startTime="2026-07-10T15:25:15.3961683+07:00" endTime="2026-07-10T15:25:15.3961683+07:00" testType="13cdc9d9-ddb5-4fa4-a97d-d965ccfc6d4b" outcome="Passed" testListId="8c84fa94-04c1-424b-9868-57a2d4851a1d" relativeResultsDirectory="c0195cb6-5977-4c0b-9970-8c803c5d90c4" />
    <UnitTestResult executionId="04fdac33-ffb8-4b33-a84e-91821ad769ad" testId="eaeb364f-5d1d-4d80-11d9-d8c0b2b0d2c2" testName="IdeaCadConnector.Tests.PartLibraryTests.RecordUsage_PermissionFailure_NoRetry" computerName="IDEAPC1107" duration="00:00:00.0010000" startTime="2026-07-10T15:25:15.6662461+07:00" endTime="2026-07-10T15:25:15.6662461+07:00" testType="13cdc9d9-ddb5-4fa4-a97d-d965ccfc6d4b" outcome="Passed" testListId="8c84fa94-04c1-424b-9868-57a2d4851a1d" relativeResultsDirectory="04fdac33-ffb8-4b33-a84e-91821ad769ad" />
    <UnitTestResult executionId="e02a4f66-32a4-49a4-9f67-777423a34c3b" testId="5840d76b-f570-4cf1-cf92-b15296d6a812" testName="IdeaCadConnector.Tests.LibraryManagementUiTests.CreateCommand_IsManagerOnly" computerName="IDEAPC1107" duration="00:00:00.0010000" startTime="2026-07-10T15:25:15.7153064+07:00" endTime="2026-07-10T15:25:15.7153064+07:00" testType="13cdc9d9-ddb5-4fa4-a97d-d965ccfc6d4b" outcome="Passed" testListId="8c84fa94-04c1-424b-9868-57a2d4851a1d" relativeResultsDirectory="e02a4f66-32a4-49a4-9f67-777423a34c3b" />
    <UnitTestResult executionId="391101c9-c802-4d02-b40e-c239eec075e2" testId="93c6791e-2697-2403-ef43-2573610db1b4" testName="IdeaCadConnector.Tests.PartRevisionBrowserViewModelTests.PinSuccess_RefreshesEntry" computerName="IDEAPC1107" duration="00:00:00.0020000" startTime="2026-07-10T15:25:15.6384096+07:00" endTime="2026-07-10T15:25:15.6384096+07:00" testType="13cdc9d9-ddb5-4fa4-a97d-d965ccfc6d4b" outcome="Passed" testListId="8c84fa94-04c1-424b-9868-57a2d4851a1d" relativeResultsDirectory="391101c9-c802-4d02-b40e-c239eec075e2" />
    <UnitTestResult executionId="984c7a91-32af-44ca-a216-d62267ba282a" testId="ff96236f-8db9-d781-383a-4b0383dc5453" testName="IdeaCadConnector.Tests.PartLibraryStage2Tests.ArchiveLibraryAsync_EmptyId_ReturnsError" computerName="IDEAPC1107" duration="00:00:00.0010000" startTime="2026-07-10T15:25:15.6294335+07:00" endTime="2026-07-10T15:25:15.6294335+07:00" testType="13cdc9d9-ddb5-4fa4-a97d-d965ccfc6d4b" outcome="Passed" testListId="8c84fa94-04c1-424b-9868-57a2d4851a1d" relativeResultsDirectory="984c7a91-32af-44ca-a216-d62267ba282a" />
    <UnitTestResult executionId="73311aa7-47b7-4c12-894d-36d5175cb2d5" testId="25b14561-6ef5-f265-31ca-ab90c3e8daee" testName="IdeaCadConnector.Tests.PartLibraryTests.SanitizeForUser_StripsBearerToken" computerName="IDEAPC1107" duration="00:00:00.0010000" startTime="2026-07-10T15:25:15.4662869+07:00" endTime="2026-07-10T15:25:15.4662869+07:00" testType="13cdc9d9-ddb5-4fa4-a97d-d965ccfc6d4b" outcome="Passed" testListId="8c84fa94-04c1-424b-9868-57a2d4851a1d" relativeResultsDirectory="73311aa7-47b7-4c12-894d-36d5175cb2d5" />
    <UnitTestResult executionId="b2d1627a-563c-4665-b185-eb721091b315" testId="d29131fa-f7d0-75a2-f9e6-c62fbd744362" testName="IdeaCadConnector.Tests.PartLibraryTests.PartLifecyclePolicy_GetPartNotReusableMessage_ContainsState" computerName="IDEAPC1107" duration="00:00:00.0010000" startTime="2026-07-10T15:25:15.2215256+07:00" endTime="2026-07-10T15:25:15.2215256+07:00" testType="13cdc9d9-ddb5-4fa4-a97d-d965ccfc6d4b" outcome="Passed" testListId="8c84fa94-04c1-424b-9868-57a2d4851a1d" relativeResultsDirectory="b2d1627a-563c-4665-b185-eb721091b315" />
    <UnitTestResult executionId="6ed0a012-7f5b-45fb-ace3-5ba2c89554d9" testId="e23a02c0-164f-5d6b-043e-d3ec8dce2a17" testName="IdeaCadConnector.Tests.PartLibraryVaultServiceTests.CleanTempOnFailure_NonExistentPath_DoesNotThrow" computerName="IDEAPC1107" duration="00:00:00.0010000" startTime="2026-07-10T15:25:14.8465614+07:00" endTime="2026-07-10T15:25:14.8465614+07:00" testType="13cdc9d9-ddb5-4fa4-a97d-d965ccfc6d4b" outcome="Passed" testListId="8c84fa94-04c1-424b-9868-57a2d4851a1d" relativeResultsDirectory="6ed0a012-7f5b-45fb-ace3-5ba2c89554d9" />
    <UnitTestResult executionId="554b38e7-9247-44d6-aa2d-ff5240256325" testId="920a51d0-f1a2-9a10-dffc-14947f8d74ab" testName="IdeaCadConnector.Tests.PartLibraryStage2Tests.GetLibrariesAsync_AllFilter_NoStatusFilter" computerName="IDEAPC1107" duration="00:00:00.0020000" startTime="2026-07-10T15:25:15.6214564+07:00" endTime="2026-07-10T15:25:15.6214564+07:00" testType="13cdc9d9-ddb5-4fa4-a97d-d965ccfc6d4b" outcome="Passed" testListId="8c84fa94-04c1-424b-9868-57a2d4851a1d" relativeResultsDirectory="554b38e7-9247-44d6-aa2d-ff5240256325" />
    <UnitTestResult executionId="2c100bc4-56dc-4d0e-b1c2-6e53ac83af2a" testId="c2dc8ed6-26a8-066d-0c88-7a656818b9be" testName="IdeaCadConnector.Tests.ArasPartPickerViewModelTests.InitializeAsync_LoadsOnlyWritableActiveLibraries" computerName="IDEAPC1107" duration="00:00:00.0010000" startTime="2026-07-10T15:25:15.7105578+07:00" endTime="2026-07-10T15:25:15.7105578+07:00" testType="13cdc9d9-ddb5-4fa4-a97d-d965ccfc6d4b" outcome="Passed" testListId="8c84fa94-04c1-424b-9868-57a2d4851a1d" relativeResultsDirectory="2c100bc4-56dc-4d0e-b1c2-6e53ac83af2a" />
    <UnitTestResult executionId="48d3621b-0dd0-4c02-a4da-d56f321cd324" testId="727ecc87-acba-e1ff-3c35-988984344db4" testName="IdeaCadConnector.Tests.PartLibraryTests.RecordUsage_AuthFailure_NoRetry" computerName="IDEAPC1107" duration="00:00:00.0010000" startTime="2026-07-10T15:25:15.6884778+07:00" endTime="2026-07-10T15:25:15.6884778+07:00" testType="13cdc9d9-ddb5-4fa4-a97d-d965ccfc6d4b" outcome="Passed" testListId="8c84fa94-04c1-424b-9868-57a2d4851a1d" relativeResultsDirectory="48d3621b-0dd0-4c02-a4da-d56f321cd324" />
    <UnitTestResult executionId="c70a8039-73dd-4416-8512-240a58f92013" testId="9913af38-1b0e-03ee-7259-6f50a33c8205" testName="IdeaCadConnector.Tests.IronCadOpenServiceTests.OpenCadFileAsync_EmptyPath_ReturnsValidationFailed" computerName="IDEAPC1107" duration="00:00:00.0130000" startTime="2026-07-10T15:25:14.7977088+07:00" endTime="2026-07-10T15:25:14.7977088+07:00" testType="13cdc9d9-ddb5-4fa4-a97d-d965ccfc6d4b" outcome="Passed" testListId="8c84fa94-04c1-424b-9868-57a2d4851a1d" relativeResultsDirectory="c70a8039-73dd-4416-8512-240a58f92013" />
    <UnitTestResult executionId="133259ca-bfec-445c-b610-4cfd073fd129" testId="8f4a5e73-b57b-b0c7-5313-3c09c0d389f3" testName="IdeaCadConnector.Tests.PartLibraryStage2Tests.GetCadDetailsAsync_PermissionDenied_Propagates" computerName="IDEAPC1107" duration="00:00:00.0020000" startTime="2026-07-10T15:25:15.6394062+07:00" endTime="2026-07-10T15:25:15.6394062+07:00" testType="13cdc9d9-ddb5-4fa4-a97d-d965ccfc6d4b" outcome="Passed" testListId="8c84fa94-04c1-424b-9868-57a2d4851a1d" relativeResultsDirectory="133259ca-bfec-445c-b610-4cfd073fd129" />
    <UnitTestResult executionId="e5619f62-1380-4abe-aadc-947fa23d9d14" testId="3b44729c-1cd6-c6cb-ccbf-9d744c066fc4" testName="IdeaCadConnector.Tests.PartLibraryStage1Tests.SearchEntriesAsync_UsageQueryWithNoRecords_ReturnsZeroEvenWithCachedCount" computerName="IDEAPC1107" duration="00:00:00.0020000" startTime="2026-07-10T15:25:15.5024841+07:00" endTime="2026-07-10T15:25:15.5024841+07:00" testType="13cdc9d9-ddb5-4fa4-a97d-d965ccfc6d4b" outcome="Passed" testListId="8c84fa94-04c1-424b-9868-57a2d4851a1d" relativeResultsDirectory="e5619f62-1380-4abe-aadc-947fa23d9d14" />
    <UnitTestResult executionId="602005ad-0194-4b62-8337-debcb9e4f97d" testId="d46798d0-9711-8add-2be8-c97674cd0a47" testName="IdeaCadConnector.Tests.PartLibraryStage1Tests.UpdateRevisionPolicyAsync_Pinned_WritesPinnedFields" computerName="IDEAPC1107" duration="00:00:00.0020000" startTime="2026-07-10T15:25:15.4236902+07:00" endTime="2026-07-10T15:25:15.4236902+07:00" testType="13cdc9d9-ddb5-4fa4-a97d-d965ccfc6d4b" outcome="Passed" testListId="8c84fa94-04c1-424b-9868-57a2d4851a1d" relativeResultsDirectory="602005ad-0194-4b62-8337-debcb9e4f97d" />
    <UnitTestResult executionId="1fbee2e8-2d47-4288-87d4-dd6453953d20" testId="4d7096ab-8c8b-d57d-2969-225b1c3688a3" testName="IdeaCadConnector.Tests.PartLibraryStage1Tests.ResolvePartAsync_PinnedWithoutPinnedPartId_FailsClearly" computerName="IDEAPC1107" duration="00:00:00.0020000" startTime="2026-07-10T15:25:15.4216949+07:00" endTime="2026-07-10T15:25:15.4216949+07:00" testType="13cdc9d9-ddb5-4fa4-a97d-d965ccfc6d4b" outcome="Passed" testListId="8c84fa94-04c1-424b-9868-57a2d4851a1d" relativeResultsDirectory="1fbee2e8-2d47-4288-87d4-dd6453953d20" />
    <UnitTestResult executionId="f7f68a58-0df9-4bfb-a6c3-8ebb78a6a5f3" testId="dd1a89e5-4ca2-254a-d134-9418444344d7" testName="IdeaCadConnector.Tests.PartLibraryStage1Tests.DialogXaml_HasWindowRootElement(subDir: &quot;Dialogs&quot;, className: &quot;SaveToLibraryDialog&quot;)" computerName="IDEAPC1107" duration="00:00:00.0010000" startTime="2026-07-10T15:25:15.5375505+07:00" endTime="2026-07-10T15:25:15.5375505+07:00" testType="13cdc9d9-ddb5-4fa4-a97d-d965ccfc6d4b" outcome="Passed" testListId="8c84fa94-04c1-424b-9868-57a2d4851a1d" relativeResultsDirectory="f7f68a58-0df9-4bfb-a6c3-8ebb78a6a5f3" />
    <UnitTestResult executionId="1a15debe-4772-4781-83f4-246ca7e5c3a7" testId="ac7ccd76-fdf4-7b9f-c834-87b011cf4073" testName="IdeaCadConnector.Tests.DocumentHashTests.FileHashService_ReturnsNull_ForMissingFile" computerName="IDEAPC1107" duration="00:00:00.0010000" startTime="2026-07-10T15:25:15.0516094+07:00" endTime="2026-07-10T15:25:15.0516094+07:00" testType="13cdc9d9-ddb5-4fa4-a97d-d965ccfc6d4b" outcome="Passed" testListId="8c84fa94-04c1-424b-9868-57a2d4851a1d" relativeResultsDirectory="1a15debe-4772-4781-83f4-246ca7e5c3a7" />
    <UnitTestResult executionId="9d6a6851-09db-49a1-9819-5331ec6c14c8" testId="85ce15d0-7566-13a9-ff13-bb63f6c28c6c" testName="IdeaCadConnector.Tests.PartLibraryVaultServiceTests.DownloadToCacheAsync_NoFileId_ReturnsCadNotFound" computerName="IDEAPC1107" duration="00:00:00.0010000" startTime="2026-07-10T15:25:14.9606759+07:00" endTime="2026-07-10T15:25:14.9606759+07:00" testType="13cdc9d9-ddb5-4fa4-a97d-d965ccfc6d4b" outcome="Passed" testListId="8c84fa94-04c1-424b-9868-57a2d4851a1d" relativeResultsDirectory="9d6a6851-09db-49a1-9819-5331ec6c14c8" />
    <UnitTestResult executionId="fb08e1ab-1879-4411-a2d3-a93f9cb6e0fc" testId="6f275261-0d55-8d22-baf0-576d10d1dc8b" testName="IdeaCadConnector.Tests.PartRevisionBrowserViewModelTests.NoConfigId_ShowsValidationMessage" computerName="IDEAPC1107" duration="00:00:00.0010000" startTime="2026-07-10T15:25:15.6344194+07:00" endTime="2026-07-10T15:25:15.6344194+07:00" testType="13cdc9d9-ddb5-4fa4-a97d-d965ccfc6d4b" outcome="Passed" testListId="8c84fa94-04c1-424b-9868-57a2d4851a1d" relativeResultsDirectory="fb08e1ab-1879-4411-a2d3-a93f9cb6e0fc" />
    <UnitTestResult executionId="0999ee0d-20ed-42d5-98c7-ddadec0e2264" testId="d02c1d9c-cd20-2a17-0fb9-48a2eb9f5238" testName="IdeaCadConnector.Tests.PartLibraryStage1Tests.GetEntryAsync_ResolutionErrorInDetails" computerName="IDEAPC1107" duration="00:00:00.0020000" startTime="2026-07-10T15:25:15.5084686+07:00" endTime="2026-07-10T15:25:15.5084686+07:00" testType="13cdc9d9-ddb5-4fa4-a97d-d965ccfc6d4b" outcome="Passed" testListId="8c84fa94-04c1-424b-9868-57a2d4851a1d" relativeResultsDirectory="0999ee0d-20ed-42d5-98c7-ddadec0e2264" />
    <UnitTestResult executionId="954cf3c3-013e-402f-8b0d-8fa5e52beb20" testId="98e3a3b2-b384-cecf-2d55-a0ecaede215e" testName="IdeaCadConnector.Tests.PartLibraryStage1Tests.ExistingXaml_RootElementMatchesConvention(className: &quot;LibraryView&quot;)" computerName="IDEAPC1107" duration="00:00:00.0010000" startTime="2026-07-10T15:25:15.2796021+07:00" endTime="2026-07-10T15:25:15.2796021+07:00" testType="13cdc9d9-ddb5-4fa4-a97d-d965ccfc6d4b" outcome="Passed" testListId="8c84fa94-04c1-424b-9868-57a2d4851a1d" relativeResultsDirectory="954cf3c3-013e-402f-8b0d-8fa5e52beb20" />
    <UnitTestResult executionId="e2133d69-e52f-4879-bdc4-e58de7ef4e9c" testId="e726c6b6-0c81-d267-26f8-572b4c352777" testName="IdeaCadConnector.Tests.PartLibraryStage2Tests.AddPartAsync_AddsWithPinnedPart" computerName="IDEAPC1107" duration="00:00:00.0030000" startTime="2026-07-10T15:25:15.4121241+07:00" endTime="2026-07-10T15:25:15.4121241+07:00" testType="13cdc9d9-ddb5-4fa4-a97d-d965ccfc6d4b" outcome="Passed" testListId="8c84fa94-04c1-424b-9868-57a2d4851a1d" relativeResultsDirectory="e2133d69-e52f-4879-bdc4-e58de7ef4e9c" />
    <UnitTestResult executionId="7759fb1f-cef7-4486-b9b0-96974f262619" testId="de7cef32-4210-69be-9a9c-9e294dba5892" testName="IdeaCadConnector.Tests.ArasOpenUrlServiceTests.BuildUrlAsync_LibraryType_Success" computerName="IDEAPC1107" duration="00:00:00.0010000" startTime="2026-07-10T15:25:14.8016994+07:00" endTime="2026-07-10T15:25:14.8016994+07:00" testType="13cdc9d9-ddb5-4fa4-a97d-d965ccfc6d4b" outcome="Passed" testListId="8c84fa94-04c1-424b-9868-57a2d4851a1d" relativeResultsDirectory="7759fb1f-cef7-4486-b9b0-96974f262619" />
    <UnitTestResult executionId="d14e269b-cb2a-4e4e-9c9a-693cc46fc905" testId="57737865-2a37-8ce4-d84a-1a4528868562" testName="IdeaCadConnector.Tests.PartLibraryStage2Tests.AddPartAsync_AuthError_Propagates" computerName="IDEAPC1107" duration="00:00:00.0050000" startTime="2026-07-10T15:25:15.6433949+07:00" endTime="2026-07-10T15:25:15.6433949+07:00" testType="13cdc9d9-ddb5-4fa4-a97d-d965ccfc6d4b" outcome="Passed" testListId="8c84fa94-04c1-424b-9868-57a2d4851a1d" relativeResultsDirectory="d14e269b-cb2a-4e4e-9c9a-693cc46fc905" />
    <UnitTestResult executionId="a9b3f60c-b2c6-419f-a7bc-c673436d4f6d" testId="5df0b14e-8cd9-3d1b-c112-c4087094a4e9" testName="IdeaCadConnector.Tests.PartLibraryStage2Tests.UpdateLibraryAsync_NullRequest_Throws" computerName="IDEAPC1107" duration="00:00:00.0010000" startTime="2026-07-10T15:25:15.3435475+07:00" endTime="2026-07-10T15:25:15.3435475+07:00" testType="13cdc9d9-ddb5-4fa4-a97d-d965ccfc6d4b" outcome="Passed" testListId="8c84fa94-04c1-424b-9868-57a2d4851a1d" relativeResultsDirectory="a9b3f60c-b2c6-419f-a7bc-c673436d4f6d" />
    <UnitTestResult executionId="5793c219-0c65-4ea7-9298-6e0791389186" testId="ba6deeae-0705-e8b4-ba1d-a3ed7dd64cdd" testName="IdeaCadConnector.Tests.IronCadOpenServiceTests.OpenCadFileAsync_RemoteUrl_ReturnsValidationFailed" computerName="IDEAPC1107" duration="00:00:00.0010000" startTime="2026-07-10T15:25:14.9406292+07:00" endTime="2026-07-10T15:25:14.9406292+07:00" testType="13cdc9d9-ddb5-4fa4-a97d-d965ccfc6d4b" outcome="Passed" testListId="8c84fa94-04c1-424b-9868-57a2d4851a1d" relativeResultsDirectory="5793c219-0c65-4ea7-9298-6e0791389186" />
    <UnitTestResult executionId="bf72d0f9-d430-477d-ad5b-62e7b309865f" testId="e22e9793-6476-0da0-9db0-1982ac4a1315" testName="IdeaCadConnector.Tests.LibraryAuthorizationServiceTests.DefaultRoleMapping_IsConservativeAndMatchesUatUsers(user: &quot;InnovatorAdmin&quot;, isManager: True, isContributorOrHigher: True, isReviewerOrHigher: True, canUsePartPicker: True, canMoveEntries: True, canPinRevisions: True)" computerName="IDEAPC1107" duration="00:00:00.0010000" startTime="2026-07-10T15:25:14.7430591+07:00" endTime="2026-07-10T15:25:14.7430591+07:00" testType="13cdc9d9-ddb5-4fa4-a97d-d965ccfc6d4b" outcome="Passed" testListId="8c84fa94-04c1-424b-9868-57a2d4851a1d" relativeResultsDirectory="bf72d0f9-d430-477d-ad5b-62e7b309865f" />
    <UnitTestResult executionId="2c948f15-156c-4fa2-ba48-914139742b31" testId="b58c19d0-6c77-e119-ea6d-eada9c43a0e7" testName="IdeaCadConnector.Tests.LibraryAuthorizationServiceTests.DefaultRoleMapping_IsConservativeAndMatchesUatUsers(user: &quot;lamPM&quot;, isManager: True, isContributorOrHigher: True, isReviewerOrHigher: True, canUsePartPicker: True, canMoveEntries: True, canPinRevisions: True)" computerName="IDEAPC1107" duration="00:00:00.0010000" startTime="2026-07-10T15:25:14.7395026+07:00" endTime="2026-07-10T15:25:14.7395026+07:00" testType="13cdc9d9-ddb5-4fa4-a97d-d965ccfc6d4b" outcome="Passed" testListId="8c84fa94-04c1-424b-9868-57a2d4851a1d" relativeResultsDirectory="2c948f15-156c-4fa2-ba48-914139742b31" />
    <UnitTestResult executionId="1d51579d-d02a-420e-aca3-11767a91397c" testId="eb764466-2f55-5f6d-d957-9c8d4c30c171" testName="IdeaCadConnector.Tests.EnvironmentConfigurationTests.Load_WhenTokenKeyPresent_EmitsWarning" computerName="IDEAPC1107" duration="00:00:00.0040000" startTime="2026-07-10T15:25:15.5128194+07:00" endTime="2026-07-10T15:25:15.5128194+07:00" testType="13cdc9d9-ddb5-4fa4-a97d-d965ccfc6d4b" outcome="Passed" testListId="8c84fa94-04c1-424b-9868-57a2d4851a1d" relativeResultsDirectory="1d51579d-d02a-420e-aca3-11767a91397c" />
    <UnitTestResult executionId="679e1140-40f3-42b1-bf4d-a0a5a8c5ef20" testId="cb1fbce4-3acc-889b-045f-9921b67a3be6" testName="IdeaCadConnector.Tests.PartLibraryTests.PartLifecyclePolicy_Released_ReturnsFalse" computerName="IDEAPC1107" duration="00:00:00.0010000" startTime="2026-07-10T15:25:15.4765542+07:00" endTime="2026-07-10T15:25:15.4765542+07:00" testType="13cdc9d9-ddb5-4fa4-a97d-d965ccfc6d4b" outcome="Passed" testListId="8c84fa94-04c1-424b-9868-57a2d4851a1d" relativeResultsDirectory="679e1140-40f3-42b1-bf4d-a0a5a8c5ef20" />
    <UnitTestResult executionId="ec50776e-6bdd-4973-b4aa-6eaaaa7c9a22" testId="25b67900-dd0a-99c5-29ab-dac0229bd32f" testName="IdeaCadConnector.Tests.PartLibraryStage2CoreTests.MoveLibraryEntryAsync_OperationCanceledExceptionPropagates" computerName="IDEAPC1107" duration="00:00:00.0020000" startTime="2026-07-10T15:25:15.1834458+07:00" endTime="2026-07-10T15:25:15.1834458+07:00" testType="13cdc9d9-ddb5-4fa4-a97d-d965ccfc6d4b" outcome="Passed" testListId="8c84fa94-04c1-424b-9868-57a2d4851a1d" relativeResultsDirectory="ec50776e-6bdd-4973-b4aa-6eaaaa7c9a22" />
    <UnitTestResult executionId="8dbd3157-01fb-4628-b54c-868d981ec93e" testId="f15088ed-2c64-562f-33a6-5e919d88305a" testName="IdeaCadConnector.Tests.PartLibraryTests.RecordUsage_ReturnsTypedResult" computerName="IDEAPC1107" duration="00:00:00.7300000" startTime="2026-07-10T15:25:15.2185340+07:00" endTime="2026-07-10T15:25:15.2185340+07:00" testType="13cdc9d9-ddb5-4fa4-a97d-d965ccfc6d4b" outcome="Passed" testListId="8c84fa94-04c1-424b-9868-57a2d4851a1d" relativeResultsDirectory="8dbd3157-01fb-4628-b54c-868d981ec93e" />
    <UnitTestResult executionId="66bef21c-969c-45fb-ae61-6727434c3e9c" testId="8557756d-64c7-1221-4109-6378cb0c33b9" testName="IdeaCadConnector.Tests.LibraryManagementUiTests.MoveCommand_FailedMove_KeepsDialogOpenAndShowsError" computerName="IDEAPC1107" duration="00:00:00.2140000" startTime="2026-07-10T15:25:15.7133116+07:00" endTime="2026-07-10T15:25:15.7133116+07:00" testType="13cdc9d9-ddb5-4fa4-a97d-d965ccfc6d4b" outcome="Passed" testListId="8c84fa94-04c1-424b-9868-57a2d4851a1d" relativeResultsDirectory="66bef21c-969c-45fb-ae61-6727434c3e9c" />
    <UnitTestResult executionId="597b0a30-7774-44cc-b396-988c41214cde" testId="3934f342-38dd-cd6c-be72-6cf1b3849c66" testName="IdeaCadConnector.Tests.PartLibraryStage2Tests.AddPartAsync_AddsWithLatestCurrent" computerName="IDEAPC1107" duration="00:00:00.0010000" startTime="2026-07-10T15:25:15.6414005+07:00" endTime="2026-07-10T15:25:15.6414005+07:00" testType="13cdc9d9-ddb5-4fa4-a97d-d965ccfc6d4b" outcome="Passed" testListId="8c84fa94-04c1-424b-9868-57a2d4851a1d" relativeResultsDirectory="597b0a30-7774-44cc-b396-988c41214cde" />
    <UnitTestResult executionId="64e40402-7c9e-413e-a7ac-78b0930d616b" testId="a3d5844b-245b-0de7-b53a-e526c64dd119" testName="IdeaCadConnector.Tests.DocumentHashTests.MissingDocumentFile_ProducesBlockingWarning" computerName="IDEAPC1107" duration="00:00:00.0050000" startTime="2026-07-10T15:25:15.0486191+07:00" endTime="2026-07-10T15:25:15.0486191+07:00" testType="13cdc9d9-ddb5-4fa4-a97d-d965ccfc6d4b" outcome="Passed" testListId="8c84fa94-04c1-424b-9868-57a2d4851a1d" relativeResultsDirectory="64e40402-7c9e-413e-a7ac-78b0930d616b" />
    <UnitTestResult executionId="635f993a-625c-4721-8414-2f575cd1ac99" testId="e1b1f966-5ba6-08de-d723-f035190d3bc3" testName="IdeaCadConnector.Tests.PartLibraryVaultServiceTests.VaultCacheKey_Equality_ExcludesFileNameFromEquality" computerName="IDEAPC1107" duration="00:00:00.0010000" startTime="2026-07-10T15:25:14.9656617+07:00" endTime="2026-07-10T15:25:14.9656617+07:00" testType="13cdc9d9-ddb5-4fa4-a97d-d965ccfc6d4b" outcome="Passed" testListId="8c84fa94-04c1-424b-9868-57a2d4851a1d" relativeResultsDirectory="635f993a-625c-4721-8414-2f575cd1ac99" />
    <UnitTestResult executionId="1ac59fb9-6626-49dc-bf33-9beea2343807" testId="d0c4a3b7-4b01-19d6-439d-cf1e0e4bb76e" testName="IdeaCadConnector.Tests.PartLibraryStage1Tests.PublishEntryAsync_VerifiesActualState" computerName="IDEAPC1107" duration="00:00:00.0040000" startTime="2026-07-10T15:25:15.3080438+07:00" endTime="2026-07-10T15:25:15.3080438+07:00" testType="13cdc9d9-ddb5-4fa4-a97d-d965ccfc6d4b" outcome="Passed" testListId="8c84fa94-04c1-424b-9868-57a2d4851a1d" relativeResultsDirectory="1ac59fb9-6626-49dc-bf33-9beea2343807" />
    <UnitTestResult executionId="ebb2ee74-fbaa-4274-86b0-0c2ae70e14f2" testId="4f49149f-42da-a6bd-4b6f-cc60b021f171" testName="IdeaCadConnector.Tests.EnvironmentConfigurationTests.Load_WhenPathExpansion_PercentUserProfileExpands" computerName="IDEAPC1107" duration="00:00:00.2300000" startTime="2026-07-10T15:25:14.7335184+07:00" endTime="2026-07-10T15:25:14.7335184+07:00" testType="13cdc9d9-ddb5-4fa4-a97d-d965ccfc6d4b" outcome="Passed" testListId="8c84fa94-04c1-424b-9868-57a2d4851a1d" relativeResultsDirectory="ebb2ee74-fbaa-4274-86b0-0c2ae70e14f2" />
    <UnitTestResult executionId="4e585ceb-f7ed-42f5-a142-ce3bd84b6eb0" testId="54ae6c1b-f5dc-e3d1-1588-03829627faa8" testName="IdeaCadConnector.Tests.PartLibraryStage1Tests.AddLibraryPartDialog_ReadOnlyFieldsUseOneWayBinding" computerName="IDEAPC1107" duration="00:00:00.0010000" startTime="2026-07-10T15:25:15.4101301+07:00" endTime="2026-07-10T15:25:15.4101301+07:00" testType="13cdc9d9-ddb5-4fa4-a97d-d965ccfc6d4b" outcome="Passed" testListId="8c84fa94-04c1-424b-9868-57a2d4851a1d" relativeResultsDirectory="4e585ceb-f7ed-42f5-a142-ce3bd84b6eb0" />
    <UnitTestResult executionId="03adf30f-b524-4265-bd36-860a39d84d12" testId="a2c7b704-2316-4fe8-f3c9-4387a9c126f2" testName="IdeaCadConnector.Tests.ArasOpenUrlServiceTests.BuildUrlAsync_Cancelled_Throws" computerName="IDEAPC1107" duration="00:00:00.0080000" startTime="2026-07-10T15:25:14.8266160+07:00" endTime="2026-07-10T15:25:14.8266160+07:00" testType="13cdc9d9-ddb5-4fa4-a97d-d965ccfc6d4b" outcome="Passed" testListId="8c84fa94-04c1-424b-9868-57a2d4851a1d" relativeResultsDirectory="03adf30f-b524-4265-bd36-860a39d84d12" />
    <UnitTestResult executionId="6384a27a-dcc8-4877-987d-14ff3dd54b9a" testId="262bc2fa-8b35-448d-d2e4-0bc5a7232960" testName="IdeaCadConnector.Tests.BrowserLauncherTests.LaunchUrlAsync_CanceledBeforeLaunch_ThrowsOperationCanceled" computerName="IDEAPC1107" duration="00:00:00.0070000" startTime="2026-07-10T15:25:14.8256206+07:00" endTime="2026-07-10T15:25:14.8256206+07:00" testType="13cdc9d9-ddb5-4fa4-a97d-d965ccfc6d4b" outcome="Passed" testListId="8c84fa94-04c1-424b-9868-57a2d4851a1d" relativeResultsDirectory="6384a27a-dcc8-4877-987d-14ff3dd54b9a" />
    <UnitTestResult executionId="f70d3cd1-b87a-4d51-92c5-1a01ae2a68ba" testId="488425b1-2b45-a057-6e58-c7b9d7717be9" testName="IdeaCadConnector.Tests.ArasOpenUrlServiceTests.BuildUrlAsync_MissingItemType_ReturnsValidationFailed" computerName="IDEAPC1107" duration="00:00:00.0010000" startTime="2026-07-10T15:25:14.9065390+07:00" endTime="2026-07-10T15:25:14.9065390+07:00" testType="13cdc9d9-ddb5-4fa4-a97d-d965ccfc6d4b" outcome="Passed" testListId="8c84fa94-04c1-424b-9868-57a2d4851a1d" relativeResultsDirectory="f70d3cd1-b87a-4d51-92c5-1a01ae2a68ba" />
    <UnitTestResult executionId="4620ef14-0319-4a26-8c7b-62746ca7ba58" testId="7019156e-124c-cdc5-0f22-91072b68a339" testName="IdeaCadConnector.Tests.PartLibraryStage1Tests.ResolvePartAsync_ExplicitPinned_DoesNotUseStoredLatestReleasedPolicy" computerName="IDEAPC1107" duration="00:00:00.0020000" startTime="2026-07-10T15:25:15.5825635+07:00" endTime="2026-07-10T15:25:15.5825635+07:00" testType="13cdc9d9-ddb5-4fa4-a97d-d965ccfc6d4b" outcome="Passed" testListId="8c84fa94-04c1-424b-9868-57a2d4851a1d" relativeResultsDirectory="4620ef14-0319-4a26-8c7b-62746ca7ba58" />
    <UnitTestResult executionId="99d33ccc-5f20-42ce-9bd6-c5c8b807ff7e" testId="2acf6efe-d84e-8bf3-32f0-ab702cbe8494" testName="IdeaCadConnector.Tests.PartLibraryVaultServiceTests.DownloadToCacheAsync_Cancellation_Propagates" computerName="IDEAPC1107" duration="00:00:00.0020000" startTime="2026-07-10T15:25:14.9736096+07:00" endTime="2026-07-10T15:25:14.9736096+07:00" testType="13cdc9d9-ddb5-4fa4-a97d-d965ccfc6d4b" outcome="Passed" testListId="8c84fa94-04c1-424b-9868-57a2d4851a1d" relativeResultsDirectory="99d33ccc-5f20-42ce-9bd6-c5c8b807ff7e" />
    <UnitTestResult executionId="0a43fc62-c4ae-4af0-b586-1223eec7b2d5" testId="5855b50e-26a8-0d5e-abdf-1896d5026405" testName="IdeaCadConnector.Tests.PartLibraryStage2Tests.GetCadDetailsAsync_RelatedIdAsNestedItemWithId_ReturnsAvailable" computerName="IDEAPC1107" duration="00:00:00.0030000" startTime="2026-07-10T15:25:15.3742275+07:00" endTime="2026-07-10T15:25:15.3742275+07:00" testType="13cdc9d9-ddb5-4fa4-a97d-d965ccfc6d4b" outcome="Passed" testListId="8c84fa94-04c1-424b-9868-57a2d4851a1d" relativeResultsDirectory="0a43fc62-c4ae-4af0-b586-1223eec7b2d5" />
    <UnitTestResult executionId="d9d1ec9d-e514-4a79-897d-0e2dd96f100c" testId="ac3ce162-28cf-5a40-b6fe-93fe7769699e" testName="IdeaCadConnector.Tests.PartLibraryStage1Tests.HttpPartLibraryClient_IsMissingUsageItemTypeError_DoesNotUseGenericNotFoundOrMissing" computerName="IDEAPC1107" duration="00:00:00.0020000" startTime="2026-07-10T15:25:15.2235197+07:00" endTime="2026-07-10T15:25:15.2235197+07:00" testType="13cdc9d9-ddb5-4fa4-a97d-d965ccfc6d4b" outcome="Passed" testListId="8c84fa94-04c1-424b-9868-57a2d4851a1d" relativeResultsDirectory="d9d1ec9d-e514-4a79-897d-0e2dd96f100c" />
    <UnitTestResult executionId="51c3987d-8a81-42ed-9c80-12748d180b6c" testId="beee635e-ee81-fad3-1ff2-a1f6d086a4dd" testName="IdeaCadConnector.Tests.PartLibraryStage2Tests.UpdateLibraryAsync_ArasError_Forwards" computerName="IDEAPC1107" duration="00:00:00.0020000" startTime="2026-07-10T15:25:15.4885229+07:00" endTime="2026-07-10T15:25:15.4885229+07:00" testType="13cdc9d9-ddb5-4fa4-a97d-d965ccfc6d4b" outcome="Passed" testListId="8c84fa94-04c1-424b-9868-57a2d4851a1d" relativeResultsDirectory="51c3987d-8a81-42ed-9c80-12748d180b6c" />
    <UnitTestResult executionId="13a2be44-38ae-4746-b446-a5ae913c045c" testId="52bd8370-9b02-0eb3-f1ec-b8a80b6e47e1" testName="IdeaCadConnector.Tests.ArasOpenUrlServiceTests.BuildEntryUrl_NullId_ReturnsNull" computerName="IDEAPC1107" duration="00:00:00.0010000" startTime="2026-07-10T15:25:14.8355917+07:00" endTime="2026-07-10T15:25:14.8355917+07:00" testType="13cdc9d9-ddb5-4fa4-a97d-d965ccfc6d4b" outcome="Passed" testListId="8c84fa94-04c1-424b-9868-57a2d4851a1d" relativeResultsDirectory="13a2be44-38ae-4746-b446-a5ae913c045c" />
    <UnitTestResult executionId="c467eb93-d284-40f9-a75c-24fae47a9af0" testId="00621116-bf56-82cb-f3cc-8ec060c30ddb" testName="IdeaCadConnector.Tests.LibraryViewModelTests.AddToCurrentProject_AcceptedDialogWithInvalidQuantity_IsRejectedSafely" computerName="IDEAPC1107" duration="00:00:00.0210000" startTime="2026-07-10T15:25:17.6634657+07:00" endTime="2026-07-10T15:25:17.6634657+07:00" testType="13cdc9d9-ddb5-4fa4-a97d-d965ccfc6d4b" outcome="Passed" testListId="8c84fa94-04c1-424b-9868-57a2d4851a1d" relativeResultsDirectory="c467eb93-d284-40f9-a75c-24fae47a9af0" />
    <UnitTestResult executionId="928d897c-d5e8-4a4d-ac6d-7791eb6ad106" testId="0960f754-5c34-71ba-3e94-5c812712905c" testName="IdeaCadConnector.Tests.PartLibraryStage2Tests.GetCadDetailsAsync_PartCadRelationshipUnavailable_TriesCadDocumentsFallback" computerName="IDEAPC1107" duration="00:00:00.0020000" startTime="2026-07-10T15:25:15.3971657+07:00" endTime="2026-07-10T15:25:15.3971657+07:00" testType="13cdc9d9-ddb5-4fa4-a97d-d965ccfc6d4b" outcome="Passed" testListId="8c84fa94-04c1-424b-9868-57a2d4851a1d" relativeResultsDirectory="928d897c-d5e8-4a4d-ac6d-7791eb6ad106" />
    <UnitTestResult executionId="d1ed63cb-d78d-4a99-b5cf-24a42cba588f" testId="1aae6930-7b22-4fd6-27e3-3a7aacfff9b0" testName="IdeaCadConnector.Tests.MoveLibraryEntryViewModelTests.PermissionDenied_ShowsPermissionMessage" computerName="IDEAPC1107" duration="00:00:00.7430000" startTime="2026-07-10T15:25:15.2461458+07:00" endTime="2026-07-10T15:25:15.2461458+07:00" testType="13cdc9d9-ddb5-4fa4-a97d-d965ccfc6d4b" outcome="Passed" testListId="8c84fa94-04c1-424b-9868-57a2d4851a1d" relativeResultsDirectory="d1ed63cb-d78d-4a99-b5cf-24a42cba588f" />
    <UnitTestResult executionId="099e806d-97d1-43ec-b9d1-19a00929b04c" testId="e8a90c8a-ba0c-8e19-7627-2e55e1389eac" testName="IdeaCadConnector.Tests.PartLibraryStage2Tests.CreatePrimaryCadInfoFromRelationshipRow_NoCadFields_ReturnsNull" computerName="IDEAPC1107" duration="00:00:00.0010000" startTime="2026-07-10T15:25:15.6194624+07:00" endTime="2026-07-10T15:25:15.6194624+07:00" testType="13cdc9d9-ddb5-4fa4-a97d-d965ccfc6d4b" outcome="Passed" testListId="8c84fa94-04c1-424b-9868-57a2d4851a1d" relativeResultsDirectory="099e806d-97d1-43ec-b9d1-19a00929b04c" />
    <UnitTestResult executionId="c8bd9f06-5765-4217-800c-65d0206f5b01" testId="da1fc407-0b08-c106-73d9-e1dbcc739bd2" testName="IdeaCadConnector.Tests.PartLibraryStage1Tests.SearchEntriesAsync_UsageItemTypeMissing_UsesCachedCount" computerName="IDEAPC1107" duration="00:00:00.0020000" startTime="2026-07-10T15:25:15.5805681+07:00" endTime="2026-07-10T15:25:15.5805681+07:00" testType="13cdc9d9-ddb5-4fa4-a97d-d965ccfc6d4b" outcome="Passed" testListId="8c84fa94-04c1-424b-9868-57a2d4851a1d" relativeResultsDirectory="c8bd9f06-5765-4217-800c-65d0206f5b01" />
    <UnitTestResult executionId="08bea348-5eb0-4596-8d11-3bd08b3cc766" testId="d15e433c-653f-5143-997c-e7754ef117eb" testName="IdeaCadConnector.Tests.LibraryAuthorizationServiceTests.DefaultRoleMapping_IsConservativeAndMatchesUatUsers(user: &quot;tptkc&quot;, isManager: True, isContributorOrHigher: True, isReviewerOrHigher: True, canUsePartPicker: True, canMoveEntries: True, canPinRevisions: True)" computerName="IDEAPC1107" duration="00:00:00.0010000" startTime="2026-07-10T15:25:14.7419725+07:00" endTime="2026-07-10T15:25:14.7419725+07:00" testType="13cdc9d9-ddb5-4fa4-a97d-d965ccfc6d4b" outcome="Passed" testListId="8c84fa94-04c1-424b-9868-57a2d4851a1d" relativeResultsDirectory="08bea348-5eb0-4596-8d11-3bd08b3cc766" />
    <UnitTestResult executionId="3639c9ef-2468-4af4-8916-718c82989b9b" testId="5d59480f-c66c-6932-98bf-e29db000b602" testName="IdeaCadConnector.Tests.EnvironmentConfigurationTests.Load_WhenEmptyIronCadPath_DefaultsSafely" computerName="IDEAPC1107" duration="00:00:00.0050000" startTime="2026-07-10T15:25:15.4525718+07:00" endTime="2026-07-10T15:25:15.4525718+07:00" testType="13cdc9d9-ddb5-4fa4-a97d-d965ccfc6d4b" outcome="Passed" testListId="8c84fa94-04c1-424b-9868-57a2d4851a1d" relativeResultsDirectory="3639c9ef-2468-4af4-8916-718c82989b9b" />
    <UnitTestResult executionId="cf4a717c-0b48-4da3-ae4d-b4956f0ab44d" testId="f775663a-cbde-7fe8-ac17-51e8fd4314d4" testName="IdeaCadConnector.Tests.LibraryAuthorizationServiceTests.DefaultRoleMapping_IsConservativeAndMatchesUatUsers(user: &quot;lamEngineer&quot;, isManager: False, isContributorOrHigher: True, isReviewerOrHigher: False, canUsePartPicker: True, canMoveEntries: False, canPinRevisions: False)" computerName="IDEAPC1107" duration="00:00:00.2330000" startTime="2026-07-10T15:25:14.7325209+07:00" endTime="2026-07-10T15:25:14.7325209+07:00" testType="13cdc9d9-ddb5-4fa4-a97d-d965ccfc6d4b" outcome="Passed" testListId="8c84fa94-04c1-424b-9868-57a2d4851a1d" relativeResultsDirectory="cf4a717c-0b48-4da3-ae4d-b4956f0ab44d" />
    <UnitTestResult executionId="7f1098df-acff-46de-b99a-ca7baf0ef7f2" testId="a9656850-a8cc-a5da-33fb-2fe2cf55b812" testName="IdeaCadConnector.Tests.ArasOpenUrlServiceTests.BuildUrlAsync_UsesConfigIdWhenProvided" computerName="IDEAPC1107" duration="00:00:00.0010000" startTime="2026-07-10T15:25:14.8086806+07:00" endTime="2026-07-10T15:25:14.8086806+07:00" testType="13cdc9d9-ddb5-4fa4-a97d-d965ccfc6d4b" outcome="Passed" testListId="8c84fa94-04c1-424b-9868-57a2d4851a1d" relativeResultsDirectory="7f1098df-acff-46de-b99a-ca7baf0ef7f2" />
    <UnitTestResult executionId="144cf920-8de6-4d69-957e-9bd8084db0b9" testId="bd2e6eb2-ff0b-f931-4eb3-54f4c5394fb9" testName="IdeaCadConnector.Tests.PartLibraryStage2CoreTests.MoveLibraryEntryAsync_AuthAndServerErrorsPropagateAsResult(errorCode: AuthExpired)" computerName="IDEAPC1107" duration="00:00:00.0010000" startTime="2026-07-10T15:25:15.1814511+07:00" endTime="2026-07-10T15:25:15.1814511+07:00" testType="13cdc9d9-ddb5-4fa4-a97d-d965ccfc6d4b" outcome="Passed" testListId="8c84fa94-04c1-424b-9868-57a2d4851a1d" relativeResultsDirectory="144cf920-8de6-4d69-957e-9bd8084db0b9" />
    <UnitTestResult executionId="520eb581-9a33-4212-b828-20bce195d392" testId="c28b062a-9666-5ae8-8b4b-3a820e43e388" testName="IdeaCadConnector.Tests.LibraryViewModelTests.Filter_ByEntryStatusDraft_ShowsOnlyDraftEntries" computerName="IDEAPC1107" duration="00:00:00.4170000" startTime="2026-07-10T15:25:16.7864103+07:00" endTime="2026-07-10T15:25:16.7864103+07:00" testType="13cdc9d9-ddb5-4fa4-a97d-d965ccfc6d4b" outcome="Passed" testListId="8c84fa94-04c1-424b-9868-57a2d4851a1d" relativeResultsDirectory="520eb581-9a33-4212-b828-20bce195d392" />
    <UnitTestResult executionId="92e5043b-d48d-4fe3-8d7e-7abe95e3d54b" testId="f0aa3064-2575-d6d3-f17b-607ad98d4b4e" testName="IdeaCadConnector.Tests.LibraryManagementUiTests.EditAndArchiveCommands_AreManagerOnly" computerName="IDEAPC1107" duration="00:00:00.0070000" startTime="2026-07-10T15:25:15.6433949+07:00" endTime="2026-07-10T15:25:15.6433949+07:00" testType="13cdc9d9-ddb5-4fa4-a97d-d965ccfc6d4b" outcome="Passed" testListId="8c84fa94-04c1-424b-9868-57a2d4851a1d" relativeResultsDirectory="92e5043b-d48d-4fe3-8d7e-7abe95e3d54b" />
    <UnitTestResult executionId="c780a074-d6e4-4634-b512-4e74981a5edf" testId="9f2bab95-c084-0843-33de-110b782ef259" testName="IdeaCadConnector.Tests.PartLibraryStage1Tests.SearchEntriesAsync_RealMalformedEntryKeepsNonBlankDiagnostic" computerName="IDEAPC1107" duration="00:00:00.0050000" startTime="2026-07-10T15:25:15.2314999+07:00" endTime="2026-07-10T15:25:15.2314999+07:00" testType="13cdc9d9-ddb5-4fa4-a97d-d965ccfc6d4b" outcome="Passed" testListId="8c84fa94-04c1-424b-9868-57a2d4851a1d" relativeResultsDirectory="c780a074-d6e4-4634-b512-4e74981a5edf" />
[...]
    <TestEntry testId="42b6d16f-7bb9-86a0-c60d-23df844a509a" executionId="9ca0449c-86ad-46d5-9780-151e4d080b34" testListId="8c84fa94-04c1-424b-9868-57a2d4851a1d" />
    <TestEntry testId="96e0423e-0447-86dd-a067-2739a9e10ac8" executionId="84f26ccb-0af2-432e-92e3-6e6c8a38d88c" testListId="8c84fa94-04c1-424b-9868-57a2d4851a1d" />
    <TestEntry testId="6cdf6144-b29e-c9fc-ad4e-5c2671e16a0f" executionId="1500c0d8-66c9-465f-9424-a715173f09b9" testListId="8c84fa94-04c1-424b-9868-57a2d4851a1d" />
    <TestEntry testId="f7e50e73-85b9-f63a-8d05-38588610c4b8" executionId="27c2b81a-2d07-4816-93e0-ebe708a1847e" testListId="8c84fa94-04c1-424b-9868-57a2d4851a1d" />
    <TestEntry testId="4296185d-d1c3-d6b2-9ec9-6e4efa95614b" executionId="69f87581-8527-4d8d-ae74-e3df69ab763c" testListId="8c84fa94-04c1-424b-9868-57a2d4851a1d" />
    <TestEntry testId="c07b5be3-edb0-d74c-7096-a864f237df09" executionId="16b4a245-818f-4293-922c-2974fa0da96f" testListId="8c84fa94-04c1-424b-9868-57a2d4851a1d" />
    <TestEntry testId="8286d31f-1f83-0b16-3a78-dd075ff8b06a" executionId="c107c849-3312-413e-a4ef-7588b74d7307" testListId="8c84fa94-04c1-424b-9868-57a2d4851a1d" />
    <TestEntry testId="c39fdb9a-4d98-defa-a824-2f51421e4723" executionId="0005deb4-2eab-4948-a4c0-593c47b73f22" testListId="8c84fa94-04c1-424b-9868-57a2d4851a1d" />
    <TestEntry testId="2f6e5472-93fd-414d-c1a8-5b024cb69600" executionId="d3a2d0bd-a4eb-4a1b-be73-a1eee315ab8b" testListId="8c84fa94-04c1-424b-9868-57a2d4851a1d" />
    <TestEntry testId="8f3004d2-d0f3-ecaf-da62-7e5deb6bb57c" executionId="ff032815-659b-4f8c-b6d8-149cdc9276e4" testListId="8c84fa94-04c1-424b-9868-57a2d4851a1d" />
    <TestEntry testId="d1b5a312-4d9e-3f40-e91a-5d6b991f3a02" executionId="f7ef4f89-102f-46c4-8cda-444ea6554212" testListId="8c84fa94-04c1-424b-9868-57a2d4851a1d" />
    <TestEntry testId="4622dc1b-522f-2dd3-165f-5d4dcd551b0a" executionId="05a700ea-80c7-4489-91e6-e92d603684ff" testListId="8c84fa94-04c1-424b-9868-57a2d4851a1d" />
    <TestEntry testId="05d75514-f817-0884-ed47-dcc51c8097d4" executionId="2f5a7695-dc1d-490a-92b6-3c69acc725d8" testListId="8c84fa94-04c1-424b-9868-57a2d4851a1d" />
    <TestEntry testId="78fba9e6-df1f-bdc1-f8fd-6d59de3c0c1b" executionId="f468c3e0-8654-4b25-8ca0-471f14751196" testListId="8c84fa94-04c1-424b-9868-57a2d4851a1d" />
    <TestEntry testId="d1fc786e-12f8-3d74-16bb-4808c2516c75" executionId="8701a218-c401-4464-818a-a708c03d75a6" testListId="8c84fa94-04c1-424b-9868-57a2d4851a1d" />
    <TestEntry testId="36eb0a92-b5c1-82b2-4bfc-8c6d2ae43fd0" executionId="70691c18-2c8c-46de-b999-226dc5abbbef" testListId="8c84fa94-04c1-424b-9868-57a2d4851a1d" />
    <TestEntry testId="924e3054-b418-e283-485e-864dbd0d409b" executionId="54a5174b-737c-470b-a4e1-92dbd46b9f01" testListId="8c84fa94-04c1-424b-9868-57a2d4851a1d" />
    <TestEntry testId="8e70f166-0c3b-c846-95a7-6bc94cfb0db6" executionId="5720287b-77e9-4b54-8477-3f258babae78" testListId="8c84fa94-04c1-424b-9868-57a2d4851a1d" />
    <TestEntry testId="47f469a4-cfcf-7929-2c71-8b6ee1802ab8" executionId="e859d331-ade5-401a-8cb6-76d3ad7ed439" testListId="8c84fa94-04c1-424b-9868-57a2d4851a1d" />
    <TestEntry testId="f8462686-7602-1b63-1c71-8267ce15a9dc" executionId="e23da1d9-71d9-4b2b-9ef3-a853fe1de9b2" testListId="8c84fa94-04c1-424b-9868-57a2d4851a1d" />
    <TestEntry testId="d4bf1163-4e68-a827-1e68-63fbf2ce796c" executionId="bee6c723-f2a7-481a-a85c-318d7516fce2" testListId="8c84fa94-04c1-424b-9868-57a2d4851a1d" />
    <TestEntry testId="551e5af4-5bd4-2d00-d4a1-3737b55d2cce" executionId="81329b5a-25f1-4996-973d-720d8b171ce4" testListId="8c84fa94-04c1-424b-9868-57a2d4851a1d" />
    <TestEntry testId="4880c08a-a5c3-ac10-8644-058e02d78fb6" executionId="a03bb833-7571-4611-b968-c4c335d0e38b" testListId="8c84fa94-04c1-424b-9868-57a2d4851a1d" />
    <TestEntry testId="99a84154-5256-1d0c-2576-9f5764e97e68" executionId="ea9b618a-b398-425a-91bf-16f8c466aa04" testListId="8c84fa94-04c1-424b-9868-57a2d4851a1d" />
    <TestEntry testId="e6703528-6fe5-f49c-9c06-e4773fc446b9" executionId="47ae0242-1be3-4415-9ea8-8cb61b11a206" testListId="8c84fa94-04c1-424b-9868-57a2d4851a1d" />
    <TestEntry testId="51b57522-b44d-2f82-1043-5f94f9daddec" executionId="df51dbc6-eaca-44fc-abb2-0a7acea78cc3" testListId="8c84fa94-04c1-424b-9868-57a2d4851a1d" />
    <TestEntry testId="9154aabc-59e5-640a-e919-452f55fcf58d" executionId="627a8a03-01e1-4e07-9c1d-56a3436e3528" testListId="8c84fa94-04c1-424b-9868-57a2d4851a1d" />
    <TestEntry testId="f6d110b6-d796-94b2-e942-2899076967d0" executionId="79b73f23-736d-4d4a-82b3-2da72a3ee9f3" testListId="8c84fa94-04c1-424b-9868-57a2d4851a1d" />
    <TestEntry testId="dfcb774b-fd30-a592-20d0-f25312b612c5" executionId="7306bf17-3c8a-40f4-bbf9-def33c4ea490" testListId="8c84fa94-04c1-424b-9868-57a2d4851a1d" />
    <TestEntry testId="10a31ec9-3830-cf51-e634-ebf0f40215a2" executionId="951c187f-1d6f-4a3b-a99e-4f0f557fe4dd" testListId="8c84fa94-04c1-424b-9868-57a2d4851a1d" />
    <TestEntry testId="cf191822-cfc7-a456-85a3-0595b86153e0" executionId="f8b77666-eceb-42fd-ae6a-121272000853" testListId="8c84fa94-04c1-424b-9868-57a2d4851a1d" />
    <TestEntry testId="78ad5f47-6b2e-16dd-c113-8e834c65c783" executionId="91ef0925-1fe7-4ed0-8f09-91d52df85a29" testListId="8c84fa94-04c1-424b-9868-57a2d4851a1d" />
    <TestEntry testId="41ca0508-313d-5ef8-44cf-99b1d30a25b2" executionId="fcf064fd-4fe0-43c4-a093-3ca3a0664ad0" testListId="8c84fa94-04c1-424b-9868-57a2d4851a1d" />
    <TestEntry testId="8c5ec43c-fa3f-065f-5357-0f2645ba9a6b" executionId="11723ef8-c7af-4381-9402-8cc79a675964" testListId="8c84fa94-04c1-424b-9868-57a2d4851a1d" />
    <TestEntry testId="0cbfa8fb-a9f0-bd44-0b9f-375a1b2261b6" executionId="a04e1ad9-c004-4fdb-a0a8-3970773af55f" testListId="8c84fa94-04c1-424b-9868-57a2d4851a1d" />
    <TestEntry testId="d8e49983-460d-5596-bbee-88bfbac9208d" executionId="9c60dc8b-560d-4e2d-bdb2-03964653f4f4" testListId="8c84fa94-04c1-424b-9868-57a2d4851a1d" />
    <TestEntry testId="829fff83-cbe1-4394-8d4e-d988e1822995" executionId="534cd7c4-6d16-40f9-92ae-3732c4f1a209" testListId="8c84fa94-04c1-424b-9868-57a2d4851a1d" />
    <TestEntry testId="efea746a-6745-f3f2-b5e6-141842cf9920" executionId="c92d360c-fd54-496a-9d79-077a38b57376" testListId="8c84fa94-04c1-424b-9868-57a2d4851a1d" />
    <TestEntry testId="80f02e85-b4dd-6e45-927a-4849e4faebe3" executionId="baa54ae2-6839-4d0b-a105-d9828d21db3c" testListId="8c84fa94-04c1-424b-9868-57a2d4851a1d" />
    <TestEntry testId="edde8a6e-bb24-6357-a045-b4b4030698e5" executionId="6a545bad-ef02-4920-a25b-4b2ee86eaa3a" testListId="8c84fa94-04c1-424b-9868-57a2d4851a1d" />
    <TestEntry testId="13a26415-a164-726d-9715-805b926c66c7" executionId="f756d054-3d33-45ab-bce5-f45d58888aa5" testListId="8c84fa94-04c1-424b-9868-57a2d4851a1d" />
    <TestEntry testId="a8811fc2-c0fe-9d32-c0d8-788461591af5" executionId="0cc37852-d686-4cc5-9c63-190e6f87512d" testListId="8c84fa94-04c1-424b-9868-57a2d4851a1d" />
    <TestEntry testId="cb590e47-b704-922b-145e-ea4dba82a172" executionId="dd4b2856-42bf-473f-8e00-f86c4a8bfc15" testListId="8c84fa94-04c1-424b-9868-57a2d4851a1d" />
    <TestEntry testId="2e4b913b-2ba7-4760-0b3c-835e322e546f" executionId="4d7af04d-8bc1-40ce-9364-c33a50088669" testListId="8c84fa94-04c1-424b-9868-57a2d4851a1d" />
    <TestEntry testId="0a12dbfe-dfd7-2930-e208-113832e4b4c5" executionId="558e19f6-beda-4bd1-b8c2-fb08006e6b5b" testListId="8c84fa94-04c1-424b-9868-57a2d4851a1d" />
    <TestEntry testId="1a8c333a-ef91-47be-a6fe-8fe1ad1c2a69" executionId="f1fb767e-9009-4c0b-8e68-e0f5bf22cccb" testListId="8c84fa94-04c1-424b-9868-57a2d4851a1d" />
    <TestEntry testId="84a6ad4d-b864-69d2-1720-5a6fabbf11d2" executionId="28ed4c2d-146c-47ad-a3fa-9dcfe487c383" testListId="8c84fa94-04c1-424b-9868-57a2d4851a1d" />
    <TestEntry testId="1709906a-0c61-cea6-5ffc-0aeba04b355f" executionId="7953e5b1-e071-4b43-a574-4dcc7350d568" testListId="8c84fa94-04c1-424b-9868-57a2d4851a1d" />
    <TestEntry testId="d9083aa8-1523-7004-e873-d917bfd236c3" executionId="2f94df2d-11b1-4be3-88b6-ed832922db99" testListId="8c84fa94-04c1-424b-9868-57a2d4851a1d" />
    <TestEntry testId="0352537f-b75f-f35e-386f-1782469c8717" executionId="8ab2a4d3-70a0-4d57-a659-1a93b757cb23" testListId="8c84fa94-04c1-424b-9868-57a2d4851a1d" />
    <TestEntry testId="56f230af-4a87-4c14-0939-797e4c8f1b0e" executionId="cee8bd5d-c1d1-4519-991b-602f36f5a286" testListId="8c84fa94-04c1-424b-9868-57a2d4851a1d" />
    <TestEntry testId="f3de3b9b-7b9c-8f82-9211-495e5d65f981" executionId="834fdbf1-6481-4533-905a-7be17ddd1e13" testListId="8c84fa94-04c1-424b-9868-57a2d4851a1d" />
    <TestEntry testId="ea7c56ed-66ea-89dc-6723-596b8ee2e13e" executionId="0ed806d9-7882-49e9-a9db-a715c56232a4" testListId="8c84fa94-04c1-424b-9868-57a2d4851a1d" />
    <TestEntry testId="e3874064-af55-cb1b-ae0a-fab7e0cf4da5" executionId="7774860b-4b36-4b36-90f3-20a5d982797e" testListId="8c84fa94-04c1-424b-9868-57a2d4851a1d" />
    <TestEntry testId="af1002fc-92b9-604d-b5de-e17c0a2fc792" executionId="e8ec4826-78a0-4823-8f8b-df7d6c470186" testListId="8c84fa94-04c1-424b-9868-57a2d4851a1d" />
    <TestEntry testId="74334e96-34ca-fc16-68db-80583d91af07" executionId="09a44674-ee26-47fc-b097-c43de5eff8ff" testListId="8c84fa94-04c1-424b-9868-57a2d4851a1d" />
    <TestEntry testId="61f7c699-8573-5969-5fea-b3c8284feafd" executionId="fa25bcc2-c6a5-4569-9c88-58e734a659ba" testListId="8c84fa94-04c1-424b-9868-57a2d4851a1d" />
    <TestEntry testId="93e75bf7-4290-4e0d-8a83-31350b2c688f" executionId="a698fe4d-c98b-4313-86ee-e4c0e6e61121" testListId="8c84fa94-04c1-424b-9868-57a2d4851a1d" />
    <TestEntry testId="8179af74-ac75-6185-8057-e75b9df19fc8" executionId="89d49650-e0d5-4d37-80f3-8b8cfeb9c77d" testListId="8c84fa94-04c1-424b-9868-57a2d4851a1d" />
    <TestEntry testId="6115e369-26c3-f976-a8f8-c94cbc1db2e5" executionId="244a54e8-aea2-455a-8dc5-4502c98c5982" testListId="8c84fa94-04c1-424b-9868-57a2d4851a1d" />
    <TestEntry testId="7b9536ae-b17b-cb01-13fc-1d1ea7ac0c06" executionId="0d14110c-222f-4c38-b175-c7c3424b8989" testListId="8c84fa94-04c1-424b-9868-57a2d4851a1d" />
    <TestEntry testId="a3571736-2b62-256e-ad32-0303653552ed" executionId="cb0f09d0-958b-4e3c-acff-57102cca4718" testListId="8c84fa94-04c1-424b-9868-57a2d4851a1d" />
    <TestEntry testId="aa5e4a3f-5248-918b-7e3b-31bf57371a84" executionId="5645c368-f828-4f75-b1b7-3154281f00f5" testListId="8c84fa94-04c1-424b-9868-57a2d4851a1d" />
    <TestEntry testId="f15d77d7-1950-1632-a55d-683a25993afe" executionId="90269f6c-7ed5-4651-b03b-6a8be27c03e2" testListId="8c84fa94-04c1-424b-9868-57a2d4851a1d" />
    <TestEntry testId="759a303a-dbb4-9d6a-b4cb-70e4666ab8be" executionId="d7fbcb8e-5a6d-4078-aeb7-1ca2fd98d1c4" testListId="8c84fa94-04c1-424b-9868-57a2d4851a1d" />
    <TestEntry testId="c4fe75a9-a99e-257d-f8f8-57f6f3e854ee" executionId="d56e38f2-856f-4caa-be0e-afb5a70ed28a" testListId="8c84fa94-04c1-424b-9868-57a2d4851a1d" />
    <TestEntry testId="d2c86c5f-615d-397e-35ef-f37d738fdef6" executionId="c71b0cc7-47fd-4941-be48-1f68dd8a696e" testListId="8c84fa94-04c1-424b-9868-57a2d4851a1d" />
    <TestEntry testId="ad992773-0bf5-3af4-3a33-15bf32a2c969" executionId="4ecb58de-c88b-4ca2-a647-123f565fbb72" testListId="8c84fa94-04c1-424b-9868-57a2d4851a1d" />
    <TestEntry testId="1b3627b4-e5ae-b5bb-9b6e-cddbc3458e90" executionId="4bbcddcd-cd45-4f2d-ab4d-725b391bea0a" testListId="8c84fa94-04c1-424b-9868-57a2d4851a1d" />
    <TestEntry testId="f4b04255-0768-cb26-5230-79d488fdf65e" executionId="f502e99a-5905-4cc9-9512-b9b1035ca140" testListId="8c84fa94-04c1-424b-9868-57a2d4851a1d" />
    <TestEntry testId="e4bc9f8b-8c26-f6ca-7f7a-bb2e8d1a51e7" executionId="9d0eaabf-7cd5-40ad-a8e4-b41ac930d4d9" testListId="8c84fa94-04c1-424b-9868-57a2d4851a1d" />
    <TestEntry testId="48beca7f-2ebd-d65d-502d-6f757379a101" executionId="d97f76da-0359-456b-a827-e1a5697a9668" testListId="8c84fa94-04c1-424b-9868-57a2d4851a1d" />
    <TestEntry testId="814f2a45-8db7-21b2-6361-8f070a84bec9" executionId="b477269c-9640-4f42-8d0c-314b5b97e08f" testListId="8c84fa94-04c1-424b-9868-57a2d4851a1d" />
    <TestEntry testId="2988d183-907b-f16f-c543-704b1af51d63" executionId="50394fe7-7243-4dfc-9beb-c5bd1aab4b4d" testListId="8c84fa94-04c1-424b-9868-57a2d4851a1d" />
    <TestEntry testId="35a1894e-0943-c1ef-f537-79431d8eb26e" executionId="0ee44286-426f-41d3-9523-663837cf7778" testListId="8c84fa94-04c1-424b-9868-57a2d4851a1d" />
    <TestEntry testId="5e3c859c-451c-b408-79b8-1fba3c0cd250" executionId="5f38fd95-c971-4a38-ad81-466d94ea0ea0" testListId="8c84fa94-04c1-424b-9868-57a2d4851a1d" />
    <TestEntry testId="64bc6e51-d2f8-5425-26f0-90b6a0e62fc2" executionId="1a22cd02-c433-457c-be86-556a796cf9dc" testListId="8c84fa94-04c1-424b-9868-57a2d4851a1d" />
    <TestEntry testId="ccc18a13-33c2-933f-6f40-d707476c6019" executionId="598293eb-0df0-4ecc-b56d-20cc588a1b10" testListId="8c84fa94-04c1-424b-9868-57a2d4851a1d" />
    <TestEntry testId="63918446-e291-4c92-1dae-0fc6575b40f0" executionId="d717d2c6-42cd-40c6-b0e8-d3c03d5ebcde" testListId="8c84fa94-04c1-424b-9868-57a2d4851a1d" />
    <TestEntry testId="4c0047b6-de5d-6be6-f46b-33bd83744428" executionId="34c7e4a4-e74e-4904-a2e8-b8d8cdb03d7e" testListId="8c84fa94-04c1-424b-9868-57a2d4851a1d" />
    <TestEntry testId="8574bab2-b4ed-72ff-6a07-88005dbb7bbc" executionId="98ccd25f-9ebf-4063-bddb-914b6e779bf2" testListId="8c84fa94-04c1-424b-9868-57a2d4851a1d" />
    <TestEntry testId="017f58b6-ff36-7771-9887-d9eafbf12bc9" executionId="e5ddbc79-352d-44d6-b780-d55458a11922" testListId="8c84fa94-04c1-424b-9868-57a2d4851a1d" />
    <TestEntry testId="0438fd75-68cb-8c5d-6798-7ac94b382d6f" executionId="fd696a9c-44e7-41c4-9cfc-b16d981a719d" testListId="8c84fa94-04c1-424b-9868-57a2d4851a1d" />
    <TestEntry testId="836141d4-722c-1df3-1741-6b4258941316" executionId="19862491-e63c-476a-ad35-1564a16d217f" testListId="8c84fa94-04c1-424b-9868-57a2d4851a1d" />
    <TestEntry testId="c9fefe04-d858-efd2-ef49-9cb6e2ef05b8" executionId="6dda235b-95c0-4967-ada8-ff00bbf1c920" testListId="8c84fa94-04c1-424b-9868-57a2d4851a1d" />
    <TestEntry testId="c77143fe-caf3-42e1-97ae-2c47295bd76d" executionId="a02f0a43-bc01-4376-bdfb-cd13cc434b49" testListId="8c84fa94-04c1-424b-9868-57a2d4851a1d" />
    <TestEntry testId="c77cc45a-4ea9-ce5f-1e65-92b058930a51" executionId="f3a95ae1-8394-4adf-b009-1c6d75986fe3" testListId="8c84fa94-04c1-424b-9868-57a2d4851a1d" />
    <TestEntry testId="4a30d00b-2fb4-3f0b-fce4-dc1c72ccc153" executionId="317c2020-3b6c-452f-b0a3-119c0e8b0910" testListId="8c84fa94-04c1-424b-9868-57a2d4851a1d" />
    <TestEntry testId="79d42359-3c92-cf89-2ba2-8099e4d5d1c0" executionId="d1a77e4f-1cca-4a6f-83f6-0ef13fd02ddf" testListId="8c84fa94-04c1-424b-9868-57a2d4851a1d" />
    <TestEntry testId="bda906cc-9e52-7ab9-bd48-3da9f41aab45" executionId="5eb80137-c4a4-4979-8b6a-b6fefcabeb46" testListId="8c84fa94-04c1-424b-9868-57a2d4851a1d" />
    <TestEntry testId="0f2dd98e-bea5-c7e8-6bdd-8840f12078f3" executionId="de6d5c60-5b11-4daf-be93-e8a8bb42074b" testListId="8c84fa94-04c1-424b-9868-57a2d4851a1d" />
    <TestEntry testId="3b375d72-5c80-0a68-1e8c-7255a0d6d494" executionId="08befdc7-d6d4-47cd-bb0f-1db2b1a61e16" testListId="8c84fa94-04c1-424b-9868-57a2d4851a1d" />
    <TestEntry testId="8be04f81-9667-c298-1e36-7ee94e19c8c3" executionId="ba23455d-280c-49e5-b30d-3714aaa6b77b" testListId="8c84fa94-04c1-424b-9868-57a2d4851a1d" />
    <TestEntry testId="98902b52-a99e-0578-2923-e6c0d55072ca" executionId="7d97368f-94ec-418e-97df-888ea57be130" testListId="8c84fa94-04c1-424b-9868-57a2d4851a1d" />
    <TestEntry testId="0a64b680-203d-ec59-ddcf-096ff9737e94" executionId="88b00675-1fa0-40aa-8e0c-8018010987a3" testListId="8c84fa94-04c1-424b-9868-57a2d4851a1d" />
    <TestEntry testId="4c63ac23-3c50-b350-cf85-dc83379384bf" executionId="3f48ee8e-7d98-454c-8afb-6add5af37b21" testListId="8c84fa94-04c1-424b-9868-57a2d4851a1d" />
    <TestEntry testId="a568c311-76ab-39b2-860f-8bdfcfbdcfdc" executionId="c53e934e-98e2-41b8-916c-6c40e76c738b" testListId="8c84fa94-04c1-424b-9868-57a2d4851a1d" />
    <TestEntry testId="ab24a0fa-66b4-c65d-283d-e07c0b7e519b" executionId="6ba767f9-8c17-40c1-aef2-8346f55a78c6" testListId="8c84fa94-04c1-424b-9868-57a2d4851a1d" />
    <TestEntry testId="2bbf5ffc-9508-5118-bd8b-112644ddeb08" executionId="a3272cbd-c0aa-47b3-850b-7888a2554380" testListId="8c84fa94-04c1-424b-9868-57a2d4851a1d" />
    <TestEntry testId="efb6faf5-952b-5430-5d71-ffdd0bb6c0a9" executionId="6c3a4e2a-bfa2-4499-9923-72cfcf80d942" testListId="8c84fa94-04c1-424b-9868-57a2d4851a1d" />
    <TestEntry testId="14016a23-214d-e33c-92bc-7240b3ee1bfa" executionId="d3c0e14a-3e59-4cf7-869c-87cb3b927498" testListId="8c84fa94-04c1-424b-9868-57a2d4851a1d" />
    <TestEntry testId="fc51a1f4-2e34-3e6c-0ebe-b15a468f71aa" executionId="a66e6a15-10a7-40e0-8f84-903ab272fce9" testListId="8c84fa94-04c1-424b-9868-57a2d4851a1d" />
    <TestEntry testId="d90addac-eeb1-af57-aed9-e8df957ca553" executionId="80a1cfa3-bb12-4a29-8219-2b95c880f8ab" testListId="8c84fa94-04c1-424b-9868-57a2d4851a1d" />
    <TestEntry testId="b64aa5c1-7fb5-87e7-ffdf-1184e370b699" executionId="e8abb81e-32a2-40ce-8c88-ea1c2e3bee63" testListId="8c84fa94-04c1-424b-9868-57a2d4851a1d" />
    <TestEntry testId="524a91da-b635-1835-3b63-57f23bac6af1" executionId="1e5a6cee-43af-4ea7-88cd-96daaeff7153" testListId="8c84fa94-04c1-424b-9868-57a2d4851a1d" />
    <TestEntry testId="ca2551e5-dc65-869d-95f7-2c74cd04a5a2" executionId="8d6f8baa-51c5-4876-8fe3-8c77ca39ebba" testListId="8c84fa94-04c1-424b-9868-57a2d4851a1d" />
    <TestEntry testId="72b52dd9-7a7e-9d11-f825-9d78f28e5ffa" executionId="7218d33f-0435-49a5-b27f-80ad276dbf30" testListId="8c84fa94-04c1-424b-9868-57a2d4851a1d" />
    <TestEntry testId="8c37fe2b-9b33-db30-0fa2-9a0b047d520a" executionId="a46ba00e-bd8b-42f6-af12-118e43393a8e" testListId="8c84fa94-04c1-424b-9868-57a2d4851a1d" />
    <TestEntry testId="bdd457f2-b990-1667-40d3-3a03f5fc710a" executionId="0e3906b9-2102-43af-83a8-2e0a7a71a3ac" testListId="8c84fa94-04c1-424b-9868-57a2d4851a1d" />
    <TestEntry testId="c43c3c89-4d2d-77f4-810b-b0b6cbd3b33c" executionId="69745757-772d-41ca-ae53-37408291afc3" testListId="8c84fa94-04c1-424b-9868-57a2d4851a1d" />
    <TestEntry testId="b7d77e1f-d887-79bd-7faa-4284af2f3814" executionId="d0604a54-654e-4fe2-8699-dfffab904dac" testListId="8c84fa94-04c1-424b-9868-57a2d4851a1d" />
    <TestEntry testId="2cc89cb0-b221-a69f-4e9b-1f4e22529431" executionId="763e612d-682f-4500-8d5c-82a455dbb3fe" testListId="8c84fa94-04c1-424b-9868-57a2d4851a1d" />
    <TestEntry testId="81a0a9fe-2774-06dc-8f62-7fa2dfade1d4" executionId="989b11d4-b1d9-4c41-99e5-6d18b0a4c247" testListId="8c84fa94-04c1-424b-9868-57a2d4851a1d" />
    <TestEntry testId="c4b58cf7-122a-8f1a-8123-735fc6e90e69" executionId="8fa95b67-001e-4b7a-879e-fe7183f216a4" testListId="8c84fa94-04c1-424b-9868-57a2d4851a1d" />
    <TestEntry testId="be3e3e7a-c4b0-c50f-5f6b-13bb03ac514a" executionId="c2322fe0-b64d-4330-a18d-562f9ec36c73" testListId="8c84fa94-04c1-424b-9868-57a2d4851a1d" />
  </TestEntries>
  <TestLists>
    <TestList name="Results Not in a List" id="8c84fa94-04c1-424b-9868-57a2d4851a1d" />
    <TestList name="All Loaded Results" id="19431567-8539-422a-85d7-44ee4e166bda" />
  </TestLists>
  <ResultSummary outcome="Completed">
    <Counters total="436" executed="436" passed="436" failed="0" error="0" timeout="0" aborted="0" inconclusive="0" passedButRunAborted="0" notRunnable="0" notExecuted="0" disconnected="0" warning="0" completed="0" inProgress="0" pending="0" />
    <Output>
      <StdOut>[xUnit.net 00:00:00.00] xUnit.net VSTest Adapter v2.4.5+1caef2f33e (64-bit Desktop .NET 4.0.30319.42000)&#xD;
[xUnit.net 00:00:03.22]   Discovering: IdeaCadConnector.Tests&#xD;
[xUnit.net 00:00:03.99]   Discovered:  IdeaCadConnector.Tests&#xD;
[xUnit.net 00:00:04.00]   Starting:    IdeaCadConnector.Tests&#xD;
[xUnit.net 00:00:09.08]   Finished:    IdeaCadConnector.Tests&#xD;
</StdOut>
    </Output>
  </ResultSummary>
</TestRun>